<?xml version="1.0" encoding="utf-8"?>
<CoverageSession xmlns:xsd="http://www.w3.org/2001/XMLSchema" xmlns:xsi="http://www.w3.org/2001/XMLSchema-instance" Version="0.0.0.0">
  <Summary numSequencePoints="367" visitedSequencePoints="332" numBranchPoints="0" visitedBranchPoints="0" sequenceCoverage="90.46" branchCoverage="0.0" maxCyclomaticComplexity="0" minCyclomaticComplexity="0" maxCrapScore="0" minCrapScore="0" visitedClasses="15" numClasses="15" visitedMethods="46" numMethods="46" />
  <Modules>
    <Module>
      <Summary numSequencePoints="367" visitedSequencePoints="332" numBranchPoints="0" visitedBranchPoints="0" sequenceCoverage="90.46" branchCoverage="0.0" maxCyclomaticComplexity="0" minCyclomaticComplexity="0" maxCrapScore="0" minCrapScore="0" visitedClasses="15" numClasses="15" visitedMethods="46" numMethods="46" />
      <ModuleTime>0001-01-01T00:00:00</ModuleTime>
      <ModuleName>Assembly-CSharp</ModuleName>
      <Files>
        <File uid="1" fullPath="C:/Users/artba/2048/Assets/Scripts/Cell.cs" />
        <File uid="2" fullPath="C:/Users/artba/2048/Assets/Scripts/CellView.cs" />
        <File uid="3" fullPath="C:/Users/artba/2048/Assets/Scripts/CellViewTests.cs" />
        <File uid="4" fullPath="C:/Users/artba/2048/Assets/Scripts/GameField.cs" />
        <File uid="5" fullPath="C:/Users/artba/2048/Assets/Scripts/InputManager.cs" />
        <File uid="6" fullPath="C:/Users/artba/2048/Assets/Scripts/New Folder/CellTest.cs" />
        <File uid="7" fullPath="C:/Users/artba/2048/Assets/Scripts/New Folder/GameFieldTest.cs" />
        <File uid="8" fullPath="C:/Users/artba/2048/Assets/Scripts/New Folder/SaveDataTests.cs" />
        <File uid="9" fullPath="C:/Users/artba/2048/Assets/Scripts/SaveData.cs" />
        <File uid="10" fullPath="C:/Users/artba/2048/Assets/Scripts/SaveManager.cs" />
        <File uid="11" fullPath="C:/Users/artba/2048/Assets/TextMesh Pro/Examples &amp; Extras/Scripts/ChatController.cs" />
        <File uid="12" fullPath="C:/Users/artba/2048/Assets/TextMesh Pro/Examples &amp; Extras/Scripts/DropdownSample.cs" />
        <File uid="13" fullPath="C:/Users/artba/2048/Assets/TextMesh Pro/Examples &amp; Extras/Scripts/EnvMapAnimator.cs" />
        <File uid="14" fullPath="C:/Users/artba/2048/Assets/TextMesh Pro/Examples &amp; Extras/Scripts/TMP_DigitValidator.cs" />
        <File uid="15" fullPath="C:/Users/artba/2048/Assets/TextMesh Pro/Examples &amp; Extras/Scripts/TMP_PhoneNumberValidator.cs" />
        <File uid="16" fullPath="C:/Users/artba/2048/Assets/TextMesh Pro/Examples &amp; Extras/Scripts/TMP_TextEventHandler.cs" />
        <File uid="17" fullPath="C:/Users/artba/2048/Assets/TextMesh Pro/Examples &amp; Extras/Scripts/Benchmark01.cs" />
        <File uid="18" fullPath="C:/Users/artba/2048/Assets/TextMesh Pro/Examples &amp; Extras/Scripts/Benchmark01_UGUI.cs" />
        <File uid="19" fullPath="C:/Users/artba/2048/Assets/TextMesh Pro/Examples &amp; Extras/Scripts/Benchmark02.cs" />
        <File uid="20" fullPath="C:/Users/artba/2048/Assets/TextMesh Pro/Examples &amp; Extras/Scripts/Benchmark03.cs" />
        <File uid="21" fullPath="C:/Users/artba/2048/Assets/TextMesh Pro/Examples &amp; Extras/Scripts/Benchmark04.cs" />
        <File uid="22" fullPath="C:/Users/artba/2048/Assets/TextMesh Pro/Examples &amp; Extras/Scripts/CameraController.cs" />
        <File uid="23" fullPath="C:/Users/artba/2048/Assets/TextMesh Pro/Examples &amp; Extras/Scripts/ObjectSpin.cs" />
        <File uid="24" fullPath="C:/Users/artba/2048/Assets/TextMesh Pro/Examples &amp; Extras/Scripts/ShaderPropAnimator.cs" />
        <File uid="25" fullPath="C:/Users/artba/2048/Assets/TextMesh Pro/Examples &amp; Extras/Scripts/SimpleScript.cs" />
        <File uid="26" fullPath="C:/Users/artba/2048/Assets/TextMesh Pro/Examples &amp; Extras/Scripts/SkewTextExample.cs" />
        <File uid="27" fullPath="C:/Users/artba/2048/Assets/TextMesh Pro/Examples &amp; Extras/Scripts/TeleType.cs" />
        <File uid="28" fullPath="C:/Users/artba/2048/Assets/TextMesh Pro/Examples &amp; Extras/Scripts/TextConsoleSimulator.cs" />
        <File uid="29" fullPath="C:/Users/artba/2048/Assets/TextMesh Pro/Examples &amp; Extras/Scripts/TextMeshProFloatingText.cs" />
        <File uid="30" fullPath="C:/Users/artba/2048/Assets/TextMesh Pro/Examples &amp; Extras/Scripts/TextMeshSpawner.cs" />
        <File uid="31" fullPath="C:/Users/artba/2048/Assets/TextMesh Pro/Examples &amp; Extras/Scripts/TMPro_InstructionOverlay.cs" />
        <File uid="32" fullPath="C:/Users/artba/2048/Assets/TextMesh Pro/Examples &amp; Extras/Scripts/TMP_ExampleScript_01.cs" />
        <File uid="33" fullPath="C:/Users/artba/2048/Assets/TextMesh Pro/Examples &amp; Extras/Scripts/TMP_FrameRateCounter.cs" />
        <File uid="34" fullPath="C:/Users/artba/2048/Assets/TextMesh Pro/Examples &amp; Extras/Scripts/TMP_TextEventCheck.cs" />
        <File uid="35" fullPath="C:/Users/artba/2048/Assets/TextMesh Pro/Examples &amp; Extras/Scripts/TMP_TextInfoDebugTool.cs" />
        <File uid="36" fullPath="C:/Users/artba/2048/Assets/TextMesh Pro/Examples &amp; Extras/Scripts/TMP_TextSelector_A.cs" />
        <File uid="37" fullPath="C:/Users/artba/2048/Assets/TextMesh Pro/Examples &amp; Extras/Scripts/TMP_TextSelector_B.cs" />
        <File uid="38" fullPath="C:/Users/artba/2048/Assets/TextMesh Pro/Examples &amp; Extras/Scripts/TMP_UiFrameRateCounter.cs" />
        <File uid="39" fullPath="C:/Users/artba/2048/Assets/TextMesh Pro/Examples &amp; Extras/Scripts/VertexColorCycler.cs" />
        <File uid="40" fullPath="C:/Users/artba/2048/Assets/TextMesh Pro/Examples &amp; Extras/Scripts/VertexJitter.cs" />
        <File uid="41" fullPath="C:/Users/artba/2048/Assets/TextMesh Pro/Examples &amp; Extras/Scripts/VertexShakeA.cs" />
        <File uid="42" fullPath="C:/Users/artba/2048/Assets/TextMesh Pro/Examples &amp; Extras/Scripts/VertexShakeB.cs" />
        <File uid="43" fullPath="C:/Users/artba/2048/Assets/TextMesh Pro/Examples &amp; Extras/Scripts/VertexZoom.cs" />
        <File uid="44" fullPath="C:/Users/artba/2048/Assets/TextMesh Pro/Examples &amp; Extras/Scripts/WarpTextExample.cs" />
        <File uid="45" fullPath="C:/Users/artba/2048/Assets/Scripts/New Folder/InputManagerTests.cs" />
      </Files>
      <Classes>
        <Class>
          <Summary numSequencePoints="23" visitedSequencePoints="23" numBranchPoints="0" visitedBranchPoints="0" sequenceCoverage="100.0" branchCoverage="0.0" maxCyclomaticComplexity="0" minCyclomaticComplexity="0" maxCrapScore="0" minCrapScore="0" visitedClasses="1" numClasses="1" visitedMethods="8" numMethods="8" />
          <FullName>Cell</FullName>
          <Methods>
            <Method visited="true" cyclomaticComplexity="0" nPathComplexity="0" sequenceCoverage="100.0" branchCoverage="0" crapScore="0" isConstructor="false" isStatic="false" isGetter="true" isSetter="false">
              <Summary numSequencePoints="1" visitedSequencePoints="1" numBranchPoints="0" visitedBranchPoints="0" sequenceCoverage="100.0" branchCoverage="0" maxCyclomaticComplexity="0" minCyclomaticComplexity="0" maxCrapScore="0" minCrapScore="0" visitedClasses="0" numClasses="0" visitedMethods="1" numMethods="1" />
              <MetadataToken>100663297</MetadataToken>
              <Name>UnityEngine.Vector2 Cell::get_Position()</Name>
              <FileRef uid="1" />
              <SequencePoints>
                <SequencePoint vc="852" uspid="2818" ordinal="0" offset="0" sl="8" sc="31" el="8" ec="31" bec="0" bev="0" fileid="1" />
              </SequencePoints>
              <BranchPoints />
            </Method>
            <Method visited="true" cyclomaticComplexity="0" nPathComplexity="0" sequenceCoverage="100.0" branchCoverage="0" crapScore="0" isConstructor="false" isStatic="false" isGetter="false" isSetter="true">
              <Summary numSequencePoints="1" visitedSequencePoints="1" numBranchPoints="0" visitedBranchPoints="0" sequenceCoverage="100.0" branchCoverage="0" maxCyclomaticComplexity="0" minCyclomaticComplexity="0" maxCrapScore="0" minCrapScore="0" visitedClasses="0" numClasses="0" visitedMethods="1" numMethods="1" />
              <MetadataToken>100663298</MetadataToken>
              <Name>System.Void Cell::set_Position(UnityEngine.Vector2)</Name>
              <FileRef uid="1" />
              <SequencePoints>
                <SequencePoint vc="29" uspid="2819" ordinal="0" offset="0" sl="8" sc="36" el="8" ec="36" bec="0" bev="0" fileid="1" />
              </SequencePoints>
              <BranchPoints />
            </Method>
            <Method visited="true" cyclomaticComplexity="0" nPathComplexity="0" sequenceCoverage="100.0" branchCoverage="0" crapScore="0" isConstructor="false" isStatic="false" isGetter="true" isSetter="false">
              <Summary numSequencePoints="1" visitedSequencePoints="1" numBranchPoints="0" visitedBranchPoints="0" sequenceCoverage="100.0" branchCoverage="0" maxCyclomaticComplexity="0" minCyclomaticComplexity="0" maxCrapScore="0" minCrapScore="0" visitedClasses="0" numClasses="0" visitedMethods="1" numMethods="1" />
              <MetadataToken>100663299</MetadataToken>
              <Name>System.Int32 Cell::get_Value()</Name>
              <FileRef uid="1" />
              <SequencePoints>
                <SequencePoint vc="107" uspid="2820" ordinal="0" offset="0" sl="10" sc="24" el="10" ec="24" bec="0" bev="0" fileid="1" />
              </SequencePoints>
              <BranchPoints />
            </Method>
            <Method visited="true" cyclomaticComplexity="0" nPathComplexity="0" sequenceCoverage="100.0" branchCoverage="0" crapScore="0" isConstructor="false" isStatic="false" isGetter="false" isSetter="true">
              <Summary numSequencePoints="1" visitedSequencePoints="1" numBranchPoints="0" visitedBranchPoints="0" sequenceCoverage="100.0" branchCoverage="0" maxCyclomaticComplexity="0" minCyclomaticComplexity="0" maxCrapScore="0" minCrapScore="0" visitedClasses="0" numClasses="0" visitedMethods="1" numMethods="1" />
              <MetadataToken>100663300</MetadataToken>
              <Name>System.Void Cell::set_Value(System.Int32)</Name>
              <FileRef uid="1" />
              <SequencePoints>
                <SequencePoint vc="27" uspid="2821" ordinal="0" offset="0" sl="10" sc="29" el="10" ec="29" bec="0" bev="0" fileid="1" />
              </SequencePoints>
              <BranchPoints />
            </Method>
            <Method visited="true" cyclomaticComplexity="0" nPathComplexity="0" sequenceCoverage="100.0" branchCoverage="0" crapScore="0" isConstructor="false" isStatic="false" isGetter="false" isSetter="false">
              <Summary numSequencePoints="3" visitedSequencePoints="3" numBranchPoints="0" visitedBranchPoints="0" sequenceCoverage="100.0" branchCoverage="0" maxCyclomaticComplexity="0" minCyclomaticComplexity="0" maxCrapScore="0" minCrapScore="0" visitedClasses="0" numClasses="0" visitedMethods="1" numMethods="1" />
              <MetadataToken>100663302</MetadataToken>
              <Name>System.Void Cell::DestroyCell()</Name>
              <FileRef uid="1" />
              <SequencePoints>
                <SequencePoint vc="1" uspid="2822" ordinal="0" offset="0" sl="25" sc="5" el="25" ec="5" bec="0" bev="0" fileid="1" />
                <SequencePoint vc="1" uspid="2823" ordinal="0" offset="1" sl="26" sc="9" el="26" ec="9" bec="0" bev="0" fileid="1" />
                <SequencePoint vc="1" uspid="2824" ordinal="0" offset="14" sl="27" sc="5" el="27" ec="5" bec="0" bev="0" fileid="1" />
              </SequencePoints>
              <BranchPoints />
            </Method>
            <Method visited="true" cyclomaticComplexity="0" nPathComplexity="0" sequenceCoverage="100.0" branchCoverage="0" crapScore="0" isConstructor="false" isStatic="false" isGetter="false" isSetter="false">
              <Summary numSequencePoints="4" visitedSequencePoints="4" numBranchPoints="0" visitedBranchPoints="0" sequenceCoverage="100.0" branchCoverage="0" maxCyclomaticComplexity="0" minCyclomaticComplexity="0" maxCrapScore="0" minCrapScore="0" visitedClasses="0" numClasses="0" visitedMethods="1" numMethods="1" />
              <MetadataToken>100663303</MetadataToken>
              <Name>System.Void Cell::SetValue(System.Int32)</Name>
              <FileRef uid="1" />
              <SequencePoints>
                <SequencePoint vc="2" uspid="2825" ordinal="0" offset="0" sl="30" sc="5" el="30" ec="5" bec="0" bev="0" fileid="1" />
                <SequencePoint vc="2" uspid="2826" ordinal="0" offset="1" sl="31" sc="9" el="31" ec="9" bec="0" bev="0" fileid="1" />
                <SequencePoint vc="2" uspid="2827" ordinal="0" offset="9" sl="32" sc="9" el="32" ec="9" bec="0" bev="0" fileid="1" />
                <SequencePoint vc="2" uspid="2828" ordinal="0" offset="22" sl="33" sc="5" el="33" ec="5" bec="0" bev="0" fileid="1" />
              </SequencePoints>
              <BranchPoints />
            </Method>
            <Method visited="true" cyclomaticComplexity="0" nPathComplexity="0" sequenceCoverage="100.0" branchCoverage="0" crapScore="0" isConstructor="false" isStatic="false" isGetter="false" isSetter="false">
              <Summary numSequencePoints="4" visitedSequencePoints="4" numBranchPoints="0" visitedBranchPoints="0" sequenceCoverage="100.0" branchCoverage="0" maxCyclomaticComplexity="0" minCyclomaticComplexity="0" maxCrapScore="0" minCrapScore="0" visitedClasses="0" numClasses="0" visitedMethods="1" numMethods="1" />
              <MetadataToken>100663304</MetadataToken>
              <Name>System.Void Cell::SetPosition(UnityEngine.Vector2)</Name>
              <FileRef uid="1" />
              <SequencePoints>
                <SequencePoint vc="4" uspid="2829" ordinal="0" offset="0" sl="36" sc="5" el="36" ec="5" bec="0" bev="0" fileid="1" />
                <SequencePoint vc="4" uspid="2830" ordinal="0" offset="1" sl="37" sc="9" el="37" ec="9" bec="0" bev="0" fileid="1" />
                <SequencePoint vc="4" uspid="2831" ordinal="0" offset="9" sl="38" sc="9" el="38" ec="9" bec="0" bev="0" fileid="1" />
                <SequencePoint vc="4" uspid="2832" ordinal="0" offset="22" sl="39" sc="5" el="39" ec="5" bec="0" bev="0" fileid="1" />
              </SequencePoints>
              <BranchPoints />
            </Method>
            <Method visited="true" cyclomaticComplexity="0" nPathComplexity="0" sequenceCoverage="100.0" branchCoverage="0" crapScore="0" isConstructor="true" isStatic="false" isGetter="false" isSetter="false">
              <Summary numSequencePoints="8" visitedSequencePoints="8" numBranchPoints="0" visitedBranchPoints="0" sequenceCoverage="100.0" branchCoverage="0" maxCyclomaticComplexity="0" minCyclomaticComplexity="0" maxCrapScore="0" minCrapScore="0" visitedClasses="0" numClasses="0" visitedMethods="1" numMethods="1" />
              <MetadataToken>100663301</MetadataToken>
              <Name>Cell::Cell(UnityEngine.Vector2Int, System.Int32)</Name>
              <FileRef uid="1" />
              <SequencePoints>
                <SequencePoint vc="25" uspid="2833" ordinal="0" offset="0" sl="13" sc="5" el="13" ec="5" bec="0" bev="0" fileid="1" />
                <SequencePoint vc="25" uspid="2834" ordinal="0" offset="11" sl="14" sc="5" el="14" ec="5" bec="0" bev="0" fileid="1" />
                <SequencePoint vc="25" uspid="2835" ordinal="0" offset="22" sl="15" sc="5" el="15" ec="5" bec="0" bev="0" fileid="1" />
                <SequencePoint vc="25" uspid="2836" ordinal="0" offset="33" sl="18" sc="5" el="18" ec="5" bec="0" bev="0" fileid="1" />
                <SequencePoint vc="25" uspid="2837" ordinal="0" offset="40" sl="19" sc="5" el="19" ec="5" bec="0" bev="0" fileid="1" />
                <SequencePoint vc="25" uspid="2838" ordinal="0" offset="41" sl="20" sc="9" el="20" ec="9" bec="0" bev="0" fileid="1" />
                <SequencePoint vc="25" uspid="2839" ordinal="0" offset="54" sl="21" sc="9" el="21" ec="9" bec="0" bev="0" fileid="1" />
                <SequencePoint vc="25" uspid="2840" ordinal="0" offset="62" sl="22" sc="5" el="22" ec="5" bec="0" bev="0" fileid="1" />
              </SequencePoints>
              <BranchPoints />
            </Method>
          </Methods>
        </Class>
        <Class>
          <Summary numSequencePoints="19" visitedSequencePoints="19" numBranchPoints="0" visitedBranchPoints="0" sequenceCoverage="100.0" branchCoverage="0.0" maxCyclomaticComplexity="0" minCyclomaticComplexity="0" maxCrapScore="0" minCrapScore="0" visitedClasses="1" numClasses="1" visitedMethods="3" numMethods="3" />
          <FullName>CellView</FullName>
          <Methods>
            <Method visited="true" cyclomaticComplexity="0" nPathComplexity="0" sequenceCoverage="100.0" branchCoverage="0" crapScore="0" isConstructor="false" isStatic="false" isGetter="false" isSetter="false">
              <Summary numSequencePoints="8" visitedSequencePoints="8" numBranchPoints="0" visitedBranchPoints="0" sequenceCoverage="100.0" branchCoverage="0" maxCyclomaticComplexity="0" minCyclomaticComplexity="0" maxCrapScore="0" minCrapScore="0" visitedClasses="0" numClasses="0" visitedMethods="1" numMethods="1" />
              <MetadataToken>100663305</MetadataToken>
              <Name>System.Void CellView::Init(Cell)</Name>
              <FileRef uid="2" />
              <SequencePoints>
                <SequencePoint vc="3" uspid="2841" ordinal="0" offset="0" sl="15" sc="5" el="15" ec="5" bec="0" bev="0" fileid="2" />
                <SequencePoint vc="3" uspid="2842" ordinal="0" offset="1" sl="16" sc="9" el="16" ec="9" bec="0" bev="0" fileid="2" />
                <SequencePoint vc="3" uspid="2843" ordinal="0" offset="8" sl="17" sc="9" el="17" ec="9" bec="0" bev="0" fileid="2" />
                <SequencePoint vc="2" uspid="2844" ordinal="0" offset="16" sl="18" sc="9" el="18" ec="9" bec="0" bev="0" fileid="2" />
                <SequencePoint vc="2" uspid="2845" ordinal="0" offset="24" sl="19" sc="9" el="19" ec="9" bec="0" bev="0" fileid="2" />
                <SequencePoint vc="2" uspid="2846" ordinal="0" offset="53" sl="20" sc="9" el="20" ec="9" bec="0" bev="0" fileid="2" />
                <SequencePoint vc="2" uspid="2847" ordinal="0" offset="82" sl="21" sc="9" el="21" ec="9" bec="0" bev="0" fileid="2" />
                <SequencePoint vc="2" uspid="2848" ordinal="0" offset="111" sl="22" sc="5" el="22" ec="5" bec="0" bev="0" fileid="2" />
              </SequencePoints>
              <BranchPoints />
            </Method>
            <Method visited="true" cyclomaticComplexity="0" nPathComplexity="0" sequenceCoverage="100.0" branchCoverage="0" crapScore="0" isConstructor="false" isStatic="false" isGetter="false" isSetter="false">
              <Summary numSequencePoints="8" visitedSequencePoints="8" numBranchPoints="0" visitedBranchPoints="0" sequenceCoverage="100.0" branchCoverage="0" maxCyclomaticComplexity="0" minCyclomaticComplexity="0" maxCrapScore="0" minCrapScore="0" visitedClasses="0" numClasses="0" visitedMethods="1" numMethods="1" />
              <MetadataToken>100663306</MetadataToken>
              <Name>System.Void CellView::UpdateValue(Cell)</Name>
              <FileRef uid="2" />
              <SequencePoints>
                <SequencePoint vc="3" uspid="2849" ordinal="0" offset="0" sl="25" sc="5" el="25" ec="5" bec="0" bev="0" fileid="2" />
                <SequencePoint vc="3" uspid="2850" ordinal="0" offset="1" sl="26" sc="9" el="26" ec="9" bec="0" bev="0" fileid="2" />
                <SequencePoint vc="3" uspid="2851" ordinal="0" offset="20" sl="27" sc="9" el="27" ec="9" bec="0" bev="0" fileid="2" />
                <SequencePoint vc="2" uspid="2852" ordinal="0" offset="39" sl="30" sc="9" el="30" ec="9" bec="0" bev="0" fileid="2" />
                <SequencePoint vc="2" uspid="2853" ordinal="0" offset="60" sl="33" sc="9" el="33" ec="9" bec="0" bev="0" fileid="2" />
                <SequencePoint vc="2" uspid="2854" ordinal="0" offset="66" sl="34" sc="9" el="34" ec="9" bec="0" bev="0" fileid="2" />
                <SequencePoint vc="2" uspid="2855" ordinal="0" offset="88" sl="35" sc="9" el="35" ec="9" bec="0" bev="0" fileid="2" />
                <SequencePoint vc="2" uspid="2856" ordinal="0" offset="108" sl="36" sc="5" el="36" ec="5" bec="0" bev="0" fileid="2" />
              </SequencePoints>
              <BranchPoints />
            </Method>
            <Method visited="true" cyclomaticComplexity="0" nPathComplexity="0" sequenceCoverage="100.0" branchCoverage="0" crapScore="0" isConstructor="false" isStatic="false" isGetter="false" isSetter="false">
              <Summary numSequencePoints="3" visitedSequencePoints="3" numBranchPoints="0" visitedBranchPoints="0" sequenceCoverage="100.0" branchCoverage="0" maxCyclomaticComplexity="0" minCyclomaticComplexity="0" maxCrapScore="0" minCrapScore="0" visitedClasses="0" numClasses="0" visitedMethods="1" numMethods="1" />
              <MetadataToken>100663308</MetadataToken>
              <Name>System.Void CellView::UpdatePosition(Cell)</Name>
              <FileRef uid="2" />
              <SequencePoints>
                <SequencePoint vc="3" uspid="2860" ordinal="0" offset="0" sl="43" sc="5" el="43" ec="5" bec="0" bev="0" fileid="2" />
                <SequencePoint vc="3" uspid="2861" ordinal="0" offset="1" sl="44" sc="9" el="44" ec="9" bec="0" bev="0" fileid="2" />
                <SequencePoint vc="3" uspid="2862" ordinal="0" offset="69" sl="48" sc="5" el="48" ec="5" bec="0" bev="0" fileid="2" />
              </SequencePoints>
              <BranchPoints />
            </Method>
          </Methods>
        </Class>
        <Class>
          <Summary numSequencePoints="32" visitedSequencePoints="32" numBranchPoints="0" visitedBranchPoints="0" sequenceCoverage="100.0" branchCoverage="0.0" maxCyclomaticComplexity="0" minCyclomaticComplexity="0" maxCrapScore="0" minCrapScore="0" visitedClasses="1" numClasses="1" visitedMethods="4" numMethods="4" />
          <FullName>CellViewTests</FullName>
          <Methods>
            <Method visited="true" cyclomaticComplexity="0" nPathComplexity="0" sequenceCoverage="100.0" branchCoverage="0" crapScore="0" isConstructor="false" isStatic="false" isGetter="false" isSetter="false">
              <Summary numSequencePoints="12" visitedSequencePoints="12" numBranchPoints="0" visitedBranchPoints="0" sequenceCoverage="100.0" branchCoverage="0" maxCyclomaticComplexity="0" minCyclomaticComplexity="0" maxCrapScore="0" minCrapScore="0" visitedClasses="0" numClasses="0" visitedMethods="1" numMethods="1" />
              <MetadataToken>100663310</MetadataToken>
              <Name>System.Void CellViewTests::SetUp()</Name>
              <FileRef uid="3" />
              <SequencePoints>
                <SequencePoint vc="2" uspid="2863" ordinal="0" offset="0" sl="15" sc="5" el="15" ec="5" bec="0" bev="0" fileid="3" />
                <SequencePoint vc="2" uspid="2864" ordinal="0" offset="1" sl="17" sc="9" el="17" ec="9" bec="0" bev="0" fileid="3" />
                <SequencePoint vc="2" uspid="2865" ordinal="0" offset="17" sl="18" sc="9" el="18" ec="9" bec="0" bev="0" fileid="3" />
                <SequencePoint vc="2" uspid="2866" ordinal="0" offset="34" sl="21" sc="9" el="21" ec="9" bec="0" bev="0" fileid="3" />
                <SequencePoint vc="2" uspid="2867" ordinal="0" offset="50" sl="22" sc="9" el="22" ec="9" bec="0" bev="0" fileid="3" />
                <SequencePoint vc="2" uspid="2868" ordinal="0" offset="78" sl="23" sc="9" el="23" ec="9" bec="0" bev="0" fileid="3" />
                <SequencePoint vc="2" uspid="2869" ordinal="0" offset="90" sl="25" sc="9" el="25" ec="9" bec="0" bev="0" fileid="3" />
                <SequencePoint vc="2" uspid="2870" ordinal="0" offset="125" sl="30" sc="9" el="30" ec="9" bec="0" bev="0" fileid="3" />
                <SequencePoint vc="2" uspid="2871" ordinal="0" offset="141" sl="31" sc="9" el="31" ec="9" bec="0" bev="0" fileid="3" />
                <SequencePoint vc="2" uspid="2872" ordinal="0" offset="169" sl="32" sc="9" el="32" ec="9" bec="0" bev="0" fileid="3" />
                <SequencePoint vc="2" uspid="2873" ordinal="0" offset="181" sl="33" sc="9" el="33" ec="9" bec="0" bev="0" fileid="3" />
                <SequencePoint vc="2" uspid="2874" ordinal="0" offset="216" sl="36" sc="5" el="36" ec="5" bec="0" bev="0" fileid="3" />
              </SequencePoints>
              <BranchPoints />
            </Method>
            <Method visited="true" cyclomaticComplexity="0" nPathComplexity="0" sequenceCoverage="100.0" branchCoverage="0" crapScore="0" isConstructor="false" isStatic="false" isGetter="false" isSetter="false">
              <Summary numSequencePoints="3" visitedSequencePoints="3" numBranchPoints="0" visitedBranchPoints="0" sequenceCoverage="100.0" branchCoverage="0" maxCyclomaticComplexity="0" minCyclomaticComplexity="0" maxCrapScore="0" minCrapScore="0" visitedClasses="0" numClasses="0" visitedMethods="1" numMethods="1" />
              <MetadataToken>100663311</MetadataToken>
              <Name>System.Void CellViewTests::TearDown()</Name>
              <FileRef uid="3" />
              <SequencePoints>
                <SequencePoint vc="2" uspid="2875" ordinal="0" offset="0" sl="40" sc="5" el="40" ec="5" bec="0" bev="0" fileid="3" />
                <SequencePoint vc="2" uspid="2876" ordinal="0" offset="1" sl="41" sc="9" el="41" ec="9" bec="0" bev="0" fileid="3" />
                <SequencePoint vc="2" uspid="2877" ordinal="0" offset="13" sl="42" sc="5" el="42" ec="5" bec="0" bev="0" fileid="3" />
              </SequencePoints>
              <BranchPoints />
            </Method>
            <Method visited="true" cyclomaticComplexity="0" nPathComplexity="0" sequenceCoverage="100.0" branchCoverage="0" crapScore="0" isConstructor="false" isStatic="false" isGetter="false" isSetter="false">
              <Summary numSequencePoints="9" visitedSequencePoints="9" numBranchPoints="0" visitedBranchPoints="0" sequenceCoverage="100.0" branchCoverage="0" maxCyclomaticComplexity="0" minCyclomaticComplexity="0" maxCrapScore="0" minCrapScore="0" visitedClasses="0" numClasses="0" visitedMethods="1" numMethods="1" />
              <MetadataToken>100663312</MetadataToken>
              <Name>System.Void CellViewTests::Init_Should_UpdateValueTextAndColor()</Name>
              <FileRef uid="3" />
              <SequencePoints>
                <SequencePoint vc="1" uspid="2878" ordinal="0" offset="0" sl="46" sc="5" el="46" ec="5" bec="0" bev="0" fileid="3" />
                <SequencePoint vc="1" uspid="2879" ordinal="0" offset="1" sl="48" sc="9" el="48" ec="9" bec="0" bev="0" fileid="3" />
                <SequencePoint vc="1" uspid="2880" ordinal="0" offset="15" sl="50" sc="9" el="50" ec="9" bec="0" bev="0" fileid="3" />
                <SequencePoint vc="1" uspid="2881" ordinal="0" offset="28" sl="53" sc="9" el="53" ec="9" bec="0" bev="0" fileid="3" />
                <SequencePoint vc="1" uspid="2882" ordinal="0" offset="67" sl="56" sc="9" el="56" ec="9" bec="0" bev="0" fileid="3" />
                <SequencePoint vc="1" uspid="2883" ordinal="0" offset="94" sl="60" sc="9" el="60" ec="9" bec="0" bev="0" fileid="3" />
                <SequencePoint vc="1" uspid="2884" ordinal="0" offset="133" sl="63" sc="9" el="63" ec="9" bec="0" bev="0" fileid="3" />
                <SequencePoint vc="1" uspid="2885" ordinal="0" offset="169" sl="64" sc="9" el="64" ec="9" bec="0" bev="0" fileid="3" />
                <SequencePoint vc="1" uspid="2886" ordinal="0" offset="202" sl="65" sc="5" el="65" ec="5" bec="0" bev="0" fileid="3" />
              </SequencePoints>
              <BranchPoints />
            </Method>
            <Method visited="true" cyclomaticComplexity="0" nPathComplexity="0" sequenceCoverage="100.0" branchCoverage="0" crapScore="0" isConstructor="false" isStatic="false" isGetter="false" isSetter="false">
              <Summary numSequencePoints="8" visitedSequencePoints="8" numBranchPoints="0" visitedBranchPoints="0" sequenceCoverage="100.0" branchCoverage="0" maxCyclomaticComplexity="0" minCyclomaticComplexity="0" maxCrapScore="0" minCrapScore="0" visitedClasses="0" numClasses="0" visitedMethods="1" numMethods="1" />
              <MetadataToken>100663313</MetadataToken>
              <Name>System.Void CellViewTests::UpdatePosition_Should_SetCorrectLocalPosition()</Name>
              <FileRef uid="3" />
              <SequencePoints>
                <SequencePoint vc="1" uspid="2887" ordinal="0" offset="0" sl="69" sc="5" el="69" ec="5" bec="0" bev="0" fileid="3" />
                <SequencePoint vc="1" uspid="2888" ordinal="0" offset="1" sl="71" sc="9" el="71" ec="9" bec="0" bev="0" fileid="3" />
                <SequencePoint vc="1" uspid="2889" ordinal="0" offset="15" sl="72" sc="9" el="72" ec="9" bec="0" bev="0" fileid="3" />
                <SequencePoint vc="1" uspid="2890" ordinal="0" offset="28" sl="74" sc="9" el="74" ec="9" bec="0" bev="0" fileid="3" />
                <SequencePoint vc="1" uspid="2891" ordinal="0" offset="45" sl="75" sc="9" el="75" ec="9" bec="0" bev="0" fileid="3" />
                <SequencePoint vc="1" uspid="2892" ordinal="0" offset="53" sl="78" sc="9" el="78" ec="9" bec="0" bev="0" fileid="3" />
                <SequencePoint vc="1" uspid="2893" ordinal="0" offset="75" sl="79" sc="9" el="79" ec="9" bec="0" bev="0" fileid="3" />
                <SequencePoint vc="1" uspid="2894" ordinal="0" offset="118" sl="80" sc="5" el="80" ec="5" bec="0" bev="0" fileid="3" />
              </SequencePoints>
              <BranchPoints />
            </Method>
          </Methods>
        </Class>
        <Class>
          <Summary numSequencePoints="145" visitedSequencePoints="119" numBranchPoints="0" visitedBranchPoints="0" sequenceCoverage="82.07" branchCoverage="0.0" maxCyclomaticComplexity="0" minCyclomaticComplexity="0" maxCrapScore="0" minCrapScore="0" visitedClasses="1" numClasses="1" visitedMethods="10" numMethods="10" />
          <FullName>GameField</FullName>
          <Methods>
            <Method visited="true" cyclomaticComplexity="0" nPathComplexity="0" sequenceCoverage="100.0" branchCoverage="0" crapScore="0" isConstructor="false" isStatic="false" isGetter="false" isSetter="false">
              <Summary numSequencePoints="3" visitedSequencePoints="3" numBranchPoints="0" visitedBranchPoints="0" sequenceCoverage="100.0" branchCoverage="0" maxCyclomaticComplexity="0" minCyclomaticComplexity="0" maxCrapScore="0" minCrapScore="0" visitedClasses="0" numClasses="0" visitedMethods="1" numMethods="1" />
              <MetadataToken>100663315</MetadataToken>
              <Name>System.Void GameField::OnEnable()</Name>
              <FileRef uid="4" />
              <SequencePoints>
                <SequencePoint vc="8" uspid="2895" ordinal="0" offset="0" sl="18" sc="5" el="18" ec="5" bec="0" bev="0" fileid="4" />
                <SequencePoint vc="8" uspid="2896" ordinal="0" offset="1" sl="19" sc="9" el="19" ec="9" bec="0" bev="0" fileid="4" />
                <SequencePoint vc="8" uspid="2897" ordinal="0" offset="19" sl="20" sc="5" el="20" ec="5" bec="0" bev="0" fileid="4" />
              </SequencePoints>
              <BranchPoints />
            </Method>
            <Method visited="true" cyclomaticComplexity="0" nPathComplexity="0" sequenceCoverage="100.0" branchCoverage="0" crapScore="0" isConstructor="false" isStatic="false" isGetter="false" isSetter="false">
              <Summary numSequencePoints="3" visitedSequencePoints="3" numBranchPoints="0" visitedBranchPoints="0" sequenceCoverage="100.0" branchCoverage="0" maxCyclomaticComplexity="0" minCyclomaticComplexity="0" maxCrapScore="0" minCrapScore="0" visitedClasses="0" numClasses="0" visitedMethods="1" numMethods="1" />
              <MetadataToken>100663316</MetadataToken>
              <Name>System.Void GameField::OnDisable()</Name>
              <FileRef uid="4" />
              <SequencePoints>
                <SequencePoint vc="4" uspid="2898" ordinal="0" offset="0" sl="23" sc="5" el="23" ec="5" bec="0" bev="0" fileid="4" />
                <SequencePoint vc="4" uspid="2899" ordinal="0" offset="1" sl="24" sc="9" el="24" ec="9" bec="0" bev="0" fileid="4" />
                <SequencePoint vc="4" uspid="2900" ordinal="0" offset="19" sl="25" sc="5" el="25" ec="5" bec="0" bev="0" fileid="4" />
              </SequencePoints>
              <BranchPoints />
            </Method>
            <Method visited="true" cyclomaticComplexity="0" nPathComplexity="0" sequenceCoverage="50.00" branchCoverage="0" crapScore="0" isConstructor="false" isStatic="false" isGetter="false" isSetter="false">
              <Summary numSequencePoints="8" visitedSequencePoints="4" numBranchPoints="0" visitedBranchPoints="0" sequenceCoverage="50.00" branchCoverage="0" maxCyclomaticComplexity="0" minCyclomaticComplexity="0" maxCrapScore="0" minCrapScore="0" visitedClasses="0" numClasses="0" visitedMethods="1" numMethods="1" />
              <MetadataToken>100663317</MetadataToken>
              <Name>System.Void GameField::Start()</Name>
              <FileRef uid="4" />
              <SequencePoints>
                <SequencePoint vc="4" uspid="2901" ordinal="0" offset="0" sl="28" sc="5" el="28" ec="5" bec="0" bev="0" fileid="4" />
                <SequencePoint vc="4" uspid="2902" ordinal="0" offset="1" sl="30" sc="9" el="30" ec="9" bec="0" bev="0" fileid="4" />
                <SequencePoint vc="4" uspid="2903" ordinal="0" offset="7" sl="31" sc="9" el="31" ec="9" bec="0" bev="0" fileid="4" />
                <SequencePoint vc="4" uspid="2904" ordinal="0" offset="19" sl="32" sc="9" el="32" ec="9" bec="0" bev="0" fileid="4" />
                <SequencePoint vc="0" uspid="2905" ordinal="0" offset="42" sl="34" sc="9" el="34" ec="9" bec="0" bev="0" fileid="4" />
                <SequencePoint vc="0" uspid="2906" ordinal="0" offset="50" sl="35" sc="9" el="35" ec="9" bec="0" bev="0" fileid="4" />
                <SequencePoint vc="0" uspid="2907" ordinal="0" offset="58" sl="36" sc="9" el="36" ec="9" bec="0" bev="0" fileid="4" />
                <SequencePoint vc="0" uspid="2908" ordinal="0" offset="65" sl="37" sc="5" el="37" ec="5" bec="0" bev="0" fileid="4" />
              </SequencePoints>
              <BranchPoints />
            </Method>
            <Method visited="true" cyclomaticComplexity="0" nPathComplexity="0" sequenceCoverage="100.0" branchCoverage="0" crapScore="0" isConstructor="false" isStatic="false" isGetter="false" isSetter="false">
              <Summary numSequencePoints="3" visitedSequencePoints="3" numBranchPoints="0" visitedBranchPoints="0" sequenceCoverage="100.0" branchCoverage="0" maxCyclomaticComplexity="0" minCyclomaticComplexity="0" maxCrapScore="0" minCrapScore="0" visitedClasses="0" numClasses="0" visitedMethods="1" numMethods="1" />
              <MetadataToken>100663320</MetadataToken>
              <Name>System.Void GameField::AddCellForTest(Cell)</Name>
              <FileRef uid="4" />
              <SequencePoints>
                <SequencePoint vc="2" uspid="2926" ordinal="0" offset="0" sl="60" sc="5" el="60" ec="5" bec="0" bev="0" fileid="4" />
                <SequencePoint vc="2" uspid="2927" ordinal="0" offset="1" sl="61" sc="9" el="61" ec="9" bec="0" bev="0" fileid="4" />
                <SequencePoint vc="2" uspid="2928" ordinal="0" offset="14" sl="62" sc="5" el="62" ec="5" bec="0" bev="0" fileid="4" />
              </SequencePoints>
              <BranchPoints />
            </Method>
            <Method visited="true" cyclomaticComplexity="0" nPathComplexity="0" sequenceCoverage="100.0" branchCoverage="0" crapScore="0" isConstructor="false" isStatic="false" isGetter="false" isSetter="false">
              <Summary numSequencePoints="19" visitedSequencePoints="19" numBranchPoints="0" visitedBranchPoints="0" sequenceCoverage="100.0" branchCoverage="0" maxCyclomaticComplexity="0" minCyclomaticComplexity="0" maxCrapScore="0" minCrapScore="0" visitedClasses="0" numClasses="0" visitedMethods="1" numMethods="1" />
              <MetadataToken>100663321</MetadataToken>
              <Name>UnityEngine.Vector2Int GameField::GetEmptyPosition()</Name>
              <FileRef uid="4" />
              <SequencePoints>
                <SequencePoint vc="3" uspid="2929" ordinal="0" offset="0" sl="65" sc="5" el="65" ec="5" bec="0" bev="0" fileid="4" />
                <SequencePoint vc="3" uspid="2930" ordinal="0" offset="1" sl="66" sc="9" el="66" ec="9" bec="0" bev="0" fileid="4" />
                <SequencePoint vc="3" uspid="2931" ordinal="0" offset="7" sl="68" sc="14" el="68" ec="14" bec="0" bev="0" fileid="4" />
                <SequencePoint vc="12" uspid="2932" ordinal="0" offset="11" sl="69" sc="9" el="69" ec="9" bec="0" bev="0" fileid="4" />
                <SequencePoint vc="12" uspid="2933" ordinal="0" offset="12" sl="70" sc="18" el="70" ec="18" bec="0" bev="0" fileid="4" />
                <SequencePoint vc="48" uspid="2934" ordinal="0" offset="22" sl="71" sc="13" el="71" ec="13" bec="0" bev="0" fileid="4" />
                <SequencePoint vc="48" uspid="2935" ordinal="0" offset="23" sl="72" sc="17" el="72" ec="17" bec="0" bev="0" fileid="4" />
                <SequencePoint vc="48" uspid="2936" ordinal="0" offset="36" sl="73" sc="17" el="73" ec="17" bec="0" bev="0" fileid="4" />
                <SequencePoint vc="31" uspid="2937" ordinal="0" offset="68" sl="74" sc="21" el="74" ec="21" bec="0" bev="0" fileid="4" />
                <SequencePoint vc="48" uspid="2938" ordinal="0" offset="81" sl="75" sc="13" el="75" ec="13" bec="0" bev="0" fileid="4" />
                <SequencePoint vc="48" uspid="2939" ordinal="0" offset="82" sl="70" sc="44" el="70" ec="44" bec="0" bev="0" fileid="4" />
                <SequencePoint vc="60" uspid="2940" ordinal="0" offset="86" sl="70" sc="29" el="70" ec="29" bec="0" bev="0" fileid="4" />
                <SequencePoint vc="12" uspid="2941" ordinal="0" offset="101" sl="76" sc="9" el="76" ec="9" bec="0" bev="0" fileid="4" />
                <SequencePoint vc="12" uspid="2942" ordinal="0" offset="102" sl="68" sc="40" el="68" ec="40" bec="0" bev="0" fileid="4" />
                <SequencePoint vc="15" uspid="2943" ordinal="0" offset="106" sl="68" sc="25" el="68" ec="25" bec="0" bev="0" fileid="4" />
                <SequencePoint vc="3" uspid="2944" ordinal="0" offset="121" sl="77" sc="9" el="77" ec="9" bec="0" bev="0" fileid="4" />
                <SequencePoint vc="1" uspid="2945" ordinal="0" offset="136" sl="78" sc="13" el="78" ec="13" bec="0" bev="0" fileid="4" />
                <SequencePoint vc="2" uspid="2946" ordinal="0" offset="147" sl="80" sc="9" el="80" ec="9" bec="0" bev="0" fileid="4" />
                <SequencePoint vc="3" uspid="2947" ordinal="0" offset="169" sl="81" sc="5" el="81" ec="5" bec="0" bev="0" fileid="4" />
              </SequencePoints>
              <BranchPoints />
            </Method>
            <Method visited="true" cyclomaticComplexity="0" nPathComplexity="0" sequenceCoverage="72.73" branchCoverage="0" crapScore="0" isConstructor="false" isStatic="false" isGetter="false" isSetter="false">
              <Summary numSequencePoints="11" visitedSequencePoints="8" numBranchPoints="0" visitedBranchPoints="0" sequenceCoverage="72.73" branchCoverage="0" maxCyclomaticComplexity="0" minCyclomaticComplexity="0" maxCrapScore="0" minCrapScore="0" visitedClasses="0" numClasses="0" visitedMethods="1" numMethods="1" />
              <MetadataToken>100663322</MetadataToken>
              <Name>System.Void GameField::CreateCell(System.Int32)</Name>
              <FileRef uid="4" />
              <SequencePoints>
                <SequencePoint vc="1" uspid="2948" ordinal="0" offset="0" sl="84" sc="5" el="84" ec="5" bec="0" bev="0" fileid="4" />
                <SequencePoint vc="1" uspid="2949" ordinal="0" offset="1" sl="85" sc="9" el="85" ec="9" bec="0" bev="0" fileid="4" />
                <SequencePoint vc="1" uspid="2950" ordinal="0" offset="8" sl="86" sc="9" el="86" ec="9" bec="0" bev="0" fileid="4" />
                <SequencePoint vc="0" uspid="2951" ordinal="0" offset="24" sl="86" sc="31" el="86" ec="31" bec="0" bev="0" fileid="4" />
                <SequencePoint vc="1" uspid="2952" ordinal="0" offset="26" sl="89" sc="9" el="89" ec="9" bec="0" bev="0" fileid="4" />
                <SequencePoint vc="1" uspid="2953" ordinal="0" offset="50" sl="91" sc="9" el="91" ec="9" bec="0" bev="0" fileid="4" />
                <SequencePoint vc="1" uspid="2954" ordinal="0" offset="58" sl="92" sc="9" el="92" ec="9" bec="0" bev="0" fileid="4" />
                <SequencePoint vc="1" uspid="2955" ordinal="0" offset="71" sl="94" sc="9" el="94" ec="9" bec="0" bev="0" fileid="4" />
                <SequencePoint vc="1" uspid="2956" ordinal="0" offset="89" sl="95" sc="9" el="95" ec="9" bec="0" bev="0" fileid="4" />
                <SequencePoint vc="0" uspid="2957" ordinal="0" offset="102" sl="98" sc="9" el="98" ec="9" bec="0" bev="0" fileid="4" />
                <SequencePoint vc="0" uspid="2958" ordinal="0" offset="130" sl="99" sc="5" el="99" ec="5" bec="0" bev="0" fileid="4" />
              </SequencePoints>
              <BranchPoints />
            </Method>
            <Method visited="true" cyclomaticComplexity="0" nPathComplexity="0" sequenceCoverage="69.64" branchCoverage="0" crapScore="0" isConstructor="false" isStatic="false" isGetter="false" isSetter="false">
              <Summary numSequencePoints="56" visitedSequencePoints="39" numBranchPoints="0" visitedBranchPoints="0" sequenceCoverage="69.64" branchCoverage="0" maxCyclomaticComplexity="0" minCyclomaticComplexity="0" maxCrapScore="0" minCrapScore="0" visitedClasses="0" numClasses="0" visitedMethods="1" numMethods="1" />
              <MetadataToken>100663323</MetadataToken>
              <Name>System.Void GameField::ProcessMove(UnityEngine.Vector2Int)</Name>
              <FileRef uid="4" />
              <SequencePoints>
                <SequencePoint vc="1" uspid="2959" ordinal="0" offset="13" sl="102" sc="5" el="102" ec="5" bec="0" bev="0" fileid="4" />
                <SequencePoint vc="1" uspid="2960" ordinal="0" offset="14" sl="103" sc="9" el="103" ec="9" bec="0" bev="0" fileid="4" />
                <SequencePoint vc="1" uspid="2961" ordinal="0" offset="16" sl="106" sc="9" el="106" ec="9" bec="0" bev="0" fileid="4" />
                <SequencePoint vc="1" uspid="2962" ordinal="0" offset="40" sl="120" sc="9" el="120" ec="9" bec="0" bev="0" fileid="4" />
                <SequencePoint vc="1" uspid="2963" ordinal="0" offset="41" sl="120" sc="30" el="120" ec="30" bec="0" bev="0" fileid="4" />
                <SequencePoint vc="2" uspid="2964" ordinal="0" offset="63" sl="120" sc="18" el="120" ec="18" bec="0" bev="0" fileid="4" />
                <SequencePoint vc="2" uspid="2965" ordinal="0" offset="71" sl="121" sc="9" el="121" ec="9" bec="0" bev="0" fileid="4" />
                <SequencePoint vc="2" uspid="2966" ordinal="0" offset="72" sl="122" sc="13" el="122" ec="13" bec="0" bev="0" fileid="4" />
                <SequencePoint vc="2" uspid="2967" ordinal="0" offset="85" sl="123" sc="13" el="123" ec="13" bec="0" bev="0" fileid="4" />
                <SequencePoint vc="6" uspid="2968" ordinal="0" offset="101" sl="126" sc="13" el="126" ec="13" bec="0" bev="0" fileid="4" />
                <SequencePoint vc="6" uspid="2969" ordinal="0" offset="102" sl="127" sc="17" el="127" ec="17" bec="0" bev="0" fileid="4" />
                <SequencePoint vc="6" uspid="2970" ordinal="0" offset="122" sl="128" sc="17" el="128" ec="17" bec="0" bev="0" fileid="4" />
                <SequencePoint vc="1" uspid="2971" ordinal="0" offset="204" sl="129" sc="21" el="129" ec="21" bec="0" bev="0" fileid="4" />
                <SequencePoint vc="5" uspid="2972" ordinal="0" offset="209" sl="131" sc="17" el="131" ec="17" bec="0" bev="0" fileid="4" />
                <SequencePoint vc="5" uspid="2973" ordinal="0" offset="235" sl="133" sc="17" el="133" ec="17" bec="0" bev="0" fileid="4" />
                <SequencePoint vc="4" uspid="2974" ordinal="0" offset="246" sl="134" sc="17" el="134" ec="17" bec="0" bev="0" fileid="4" />
                <SequencePoint vc="4" uspid="2975" ordinal="0" offset="247" sl="135" sc="21" el="135" ec="21" bec="0" bev="0" fileid="4" />
                <SequencePoint vc="4" uspid="2976" ordinal="0" offset="256" sl="136" sc="21" el="136" ec="21" bec="0" bev="0" fileid="4" />
                <SequencePoint vc="4" uspid="2977" ordinal="0" offset="258" sl="137" sc="17" el="137" ec="17" bec="0" bev="0" fileid="4" />
                <SequencePoint vc="1" uspid="2978" ordinal="0" offset="261" sl="138" sc="22" el="138" ec="22" bec="0" bev="0" fileid="4" />
                <SequencePoint vc="1" uspid="2979" ordinal="0" offset="282" sl="139" sc="17" el="139" ec="17" bec="0" bev="0" fileid="4" />
                <SequencePoint vc="1" uspid="2980" ordinal="0" offset="283" sl="140" sc="21" el="140" ec="21" bec="0" bev="0" fileid="4" />
                <SequencePoint vc="1" uspid="2981" ordinal="0" offset="298" sl="141" sc="21" el="141" ec="21" bec="0" bev="0" fileid="4" />
                <SequencePoint vc="1" uspid="2982" ordinal="0" offset="306" sl="142" sc="21" el="142" ec="21" bec="0" bev="0" fileid="4" />
                <SequencePoint vc="1" uspid="2983" ordinal="0" offset="320" sl="143" sc="21" el="143" ec="21" bec="0" bev="0" fileid="4" />
                <SequencePoint vc="1" uspid="2984" ordinal="0" offset="329" sl="144" sc="21" el="144" ec="21" bec="0" bev="0" fileid="4" />
                <SequencePoint vc="1" uspid="2985" ordinal="0" offset="331" sl="145" sc="21" el="145" ec="21" bec="0" bev="0" fileid="4" />
                <SequencePoint vc="0" uspid="2986" ordinal="0" offset="333" sl="148" sc="17" el="148" ec="17" bec="0" bev="0" fileid="4" />
                <SequencePoint vc="0" uspid="2987" ordinal="0" offset="334" sl="149" sc="21" el="149" ec="21" bec="0" bev="0" fileid="4" />
                <SequencePoint vc="4" uspid="2988" ordinal="0" offset="336" sl="151" sc="13" el="151" ec="13" bec="0" bev="0" fileid="4" />
                <SequencePoint vc="6" uspid="2989" ordinal="0" offset="337" sl="125" sc="13" el="125" ec="13" bec="0" bev="0" fileid="4" />
                <SequencePoint vc="2" uspid="2990" ordinal="0" offset="345" sl="152" sc="13" el="152" ec="13" bec="0" bev="0" fileid="4" />
                <SequencePoint vc="2" uspid="2991" ordinal="0" offset="360" sl="153" sc="13" el="153" ec="13" bec="0" bev="0" fileid="4" />
                <SequencePoint vc="2" uspid="2992" ordinal="0" offset="361" sl="154" sc="17" el="154" ec="17" bec="0" bev="0" fileid="4" />
                <SequencePoint vc="2" uspid="2993" ordinal="0" offset="375" sl="155" sc="13" el="155" ec="13" bec="0" bev="0" fileid="4" />
                <SequencePoint vc="2" uspid="2994" ordinal="0" offset="376" sl="156" sc="9" el="156" ec="9" bec="0" bev="0" fileid="4" />
                <SequencePoint vc="3" uspid="2995" ordinal="0" offset="377" sl="120" sc="27" el="120" ec="27" bec="0" bev="0" fileid="4" />
                <SequencePoint vc="1" uspid="2996" ordinal="0" offset="406" sl="158" sc="9" el="158" ec="9" bec="0" bev="0" fileid="4" />
                <SequencePoint vc="1" uspid="2997" ordinal="0" offset="416" sl="159" sc="9" el="159" ec="9" bec="0" bev="0" fileid="4" />
                <SequencePoint vc="1" uspid="2998" ordinal="0" offset="417" sl="160" sc="13" el="160" ec="13" bec="0" bev="0" fileid="4" />
                <SequencePoint vc="1" uspid="2999" ordinal="0" offset="435" sl="161" sc="13" el="161" ec="13" bec="0" bev="0" fileid="4" />
                <SequencePoint vc="0" uspid="3000" ordinal="0" offset="444" sl="162" sc="13" el="162" ec="13" bec="0" bev="0" fileid="4" />
                <SequencePoint vc="0" uspid="3001" ordinal="0" offset="451" sl="164" sc="13" el="164" ec="13" bec="0" bev="0" fileid="4" />
                <SequencePoint vc="0" uspid="3002" ordinal="0" offset="463" sl="165" sc="13" el="165" ec="13" bec="0" bev="0" fileid="4" />
                <SequencePoint vc="0" uspid="3003" ordinal="0" offset="464" sl="166" sc="17" el="166" ec="17" bec="0" bev="0" fileid="4" />
                <SequencePoint vc="0" uspid="3004" ordinal="0" offset="475" sl="168" sc="17" el="168" ec="17" bec="0" bev="0" fileid="4" />
                <SequencePoint vc="0" uspid="3005" ordinal="0" offset="495" sl="169" sc="17" el="169" ec="17" bec="0" bev="0" fileid="4" />
                <SequencePoint vc="0" uspid="3006" ordinal="0" offset="496" sl="170" sc="21" el="170" ec="21" bec="0" bev="0" fileid="4" />
                <SequencePoint vc="0" uspid="3007" ordinal="0" offset="508" sl="171" sc="21" el="171" ec="21" bec="0" bev="0" fileid="4" />
                <SequencePoint vc="0" uspid="3008" ordinal="0" offset="535" sl="172" sc="17" el="172" ec="17" bec="0" bev="0" fileid="4" />
                <SequencePoint vc="0" uspid="3009" ordinal="0" offset="536" sl="173" sc="17" el="173" ec="17" bec="0" bev="0" fileid="4" />
                <SequencePoint vc="0" uspid="3010" ordinal="0" offset="559" sl="175" sc="17" el="175" ec="17" bec="0" bev="0" fileid="4" />
                <SequencePoint vc="0" uspid="3011" ordinal="0" offset="566" sl="177" sc="17" el="177" ec="17" bec="0" bev="0" fileid="4" />
                <SequencePoint vc="0" uspid="3012" ordinal="0" offset="573" sl="178" sc="13" el="178" ec="13" bec="0" bev="0" fileid="4" />
                <SequencePoint vc="0" uspid="3013" ordinal="0" offset="574" sl="179" sc="9" el="179" ec="9" bec="0" bev="0" fileid="4" />
                <SequencePoint vc="0" uspid="3014" ordinal="0" offset="575" sl="180" sc="5" el="180" ec="5" bec="0" bev="0" fileid="4" />
              </SequencePoints>
              <BranchPoints />
            </Method>
            <Method visited="true" cyclomaticComplexity="0" nPathComplexity="0" sequenceCoverage="100.0" branchCoverage="0" crapScore="0" isConstructor="false" isStatic="false" isGetter="false" isSetter="false">
              <Summary numSequencePoints="15" visitedSequencePoints="15" numBranchPoints="0" visitedBranchPoints="0" sequenceCoverage="100.0" branchCoverage="0" maxCyclomaticComplexity="0" minCyclomaticComplexity="0" maxCrapScore="0" minCrapScore="0" visitedClasses="0" numClasses="0" visitedMethods="1" numMethods="1" />
              <MetadataToken>100663324</MetadataToken>
              <Name>System.Void GameField::RecalculateScore()</Name>
              <FileRef uid="4" />
              <SequencePoints>
                <SequencePoint vc="1" uspid="3015" ordinal="0" offset="0" sl="184" sc="5" el="184" ec="5" bec="0" bev="0" fileid="4" />
                <SequencePoint vc="1" uspid="3016" ordinal="0" offset="1" sl="185" sc="9" el="185" ec="9" bec="0" bev="0" fileid="4" />
                <SequencePoint vc="1" uspid="3017" ordinal="0" offset="8" sl="186" sc="9" el="186" ec="9" bec="0" bev="0" fileid="4" />
                <SequencePoint vc="1" uspid="3018" ordinal="0" offset="9" sl="186" sc="30" el="186" ec="30" bec="0" bev="0" fileid="4" />
                <SequencePoint vc="2" uspid="3019" ordinal="0" offset="23" sl="186" sc="18" el="186" ec="18" bec="0" bev="0" fileid="4" />
                <SequencePoint vc="2" uspid="3020" ordinal="0" offset="31" sl="187" sc="9" el="187" ec="9" bec="0" bev="0" fileid="4" />
                <SequencePoint vc="2" uspid="3021" ordinal="0" offset="32" sl="188" sc="13" el="188" ec="13" bec="0" bev="0" fileid="4" />
                <SequencePoint vc="2" uspid="3022" ordinal="0" offset="63" sl="189" sc="9" el="189" ec="9" bec="0" bev="0" fileid="4" />
                <SequencePoint vc="3" uspid="3023" ordinal="0" offset="64" sl="186" sc="27" el="186" ec="27" bec="0" bev="0" fileid="4" />
                <SequencePoint vc="1" uspid="3024" ordinal="0" offset="90" sl="190" sc="9" el="190" ec="9" bec="0" bev="0" fileid="4" />
                <SequencePoint vc="1" uspid="3025" ordinal="0" offset="106" sl="191" sc="9" el="191" ec="9" bec="0" bev="0" fileid="4" />
                <SequencePoint vc="1" uspid="3026" ordinal="0" offset="107" sl="192" sc="13" el="192" ec="13" bec="0" bev="0" fileid="4" />
                <SequencePoint vc="1" uspid="3027" ordinal="0" offset="140" sl="193" sc="9" el="193" ec="9" bec="0" bev="0" fileid="4" />
                <SequencePoint vc="1" uspid="3028" ordinal="0" offset="141" sl="194" sc="9" el="194" ec="9" bec="0" bev="0" fileid="4" />
                <SequencePoint vc="1" uspid="3029" ordinal="0" offset="168" sl="195" sc="5" el="195" ec="5" bec="0" bev="0" fileid="4" />
              </SequencePoints>
              <BranchPoints />
            </Method>
            <Method visited="true" cyclomaticComplexity="0" nPathComplexity="0" sequenceCoverage="91.30" branchCoverage="0" crapScore="0" isConstructor="false" isStatic="false" isGetter="false" isSetter="false">
              <Summary numSequencePoints="23" visitedSequencePoints="21" numBranchPoints="0" visitedBranchPoints="0" sequenceCoverage="91.30" branchCoverage="0" maxCyclomaticComplexity="0" minCyclomaticComplexity="0" maxCrapScore="0" minCrapScore="0" visitedClasses="0" numClasses="0" visitedMethods="1" numMethods="1" />
              <MetadataToken>100663325</MetadataToken>
              <Name>System.Boolean GameField::IsGameOver()</Name>
              <FileRef uid="4" />
              <SequencePoints>
                <SequencePoint vc="1" uspid="3030" ordinal="0" offset="0" sl="199" sc="5" el="199" ec="5" bec="0" bev="0" fileid="4" />
                <SequencePoint vc="1" uspid="3031" ordinal="0" offset="1" sl="201" sc="9" el="201" ec="9" bec="0" bev="0" fileid="4" />
                <SequencePoint vc="0" uspid="3032" ordinal="0" offset="25" sl="202" sc="13" el="202" ec="13" bec="0" bev="0" fileid="4" />
                <SequencePoint vc="1" uspid="3033" ordinal="0" offset="32" sl="205" sc="9" el="205" ec="9" bec="0" bev="0" fileid="4" />
                <SequencePoint vc="1" uspid="3034" ordinal="0" offset="33" sl="205" sc="30" el="205" ec="30" bec="0" bev="0" fileid="4" />
                <SequencePoint vc="16" uspid="3035" ordinal="0" offset="50" sl="205" sc="18" el="205" ec="18" bec="0" bev="0" fileid="4" />
                <SequencePoint vc="16" uspid="3036" ordinal="0" offset="59" sl="206" sc="9" el="206" ec="9" bec="0" bev="0" fileid="4" />
                <SequencePoint vc="16" uspid="3037" ordinal="0" offset="60" sl="207" sc="13" el="207" ec="13" bec="0" bev="0" fileid="4" />
                <SequencePoint vc="16" uspid="3038" ordinal="0" offset="74" sl="208" sc="13" el="208" ec="13" bec="0" bev="0" fileid="4" />
                <SequencePoint vc="16" uspid="3039" ordinal="0" offset="130" sl="210" sc="13" el="210" ec="13" bec="0" bev="0" fileid="4" />
                <SequencePoint vc="16" uspid="3040" ordinal="0" offset="131" sl="210" sc="33" el="210" ec="33" bec="0" bev="0" fileid="4" />
                <SequencePoint vc="64" uspid="3041" ordinal="0" offset="140" sl="210" sc="22" el="210" ec="22" bec="0" bev="0" fileid="4" />
                <SequencePoint vc="64" uspid="3042" ordinal="0" offset="158" sl="211" sc="13" el="211" ec="13" bec="0" bev="0" fileid="4" />
                <SequencePoint vc="64" uspid="3043" ordinal="0" offset="159" sl="212" sc="17" el="212" ec="17" bec="0" bev="0" fileid="4" />
                <SequencePoint vc="64" uspid="3044" ordinal="0" offset="175" sl="213" sc="17" el="213" ec="17" bec="0" bev="0" fileid="4" />
                <SequencePoint vc="64" uspid="3045" ordinal="0" offset="201" sl="214" sc="17" el="214" ec="17" bec="0" bev="0" fileid="4" />
                <SequencePoint vc="0" uspid="3046" ordinal="0" offset="230" sl="215" sc="21" el="215" ec="21" bec="0" bev="0" fileid="4" />
                <SequencePoint vc="64" uspid="3047" ordinal="0" offset="234" sl="216" sc="13" el="216" ec="13" bec="0" bev="0" fileid="4" />
                <SequencePoint vc="80" uspid="3048" ordinal="0" offset="241" sl="210" sc="30" el="210" ec="30" bec="0" bev="0" fileid="4" />
                <SequencePoint vc="16" uspid="3049" ordinal="0" offset="249" sl="217" sc="9" el="217" ec="9" bec="0" bev="0" fileid="4" />
                <SequencePoint vc="17" uspid="3050" ordinal="0" offset="250" sl="205" sc="27" el="205" ec="27" bec="0" bev="0" fileid="4" />
                <SequencePoint vc="1" uspid="3051" ordinal="0" offset="279" sl="218" sc="9" el="218" ec="9" bec="0" bev="0" fileid="4" />
                <SequencePoint vc="1" uspid="3052" ordinal="0" offset="283" sl="219" sc="5" el="219" ec="5" bec="0" bev="0" fileid="4" />
              </SequencePoints>
              <BranchPoints />
            </Method>
            <Method visited="true" cyclomaticComplexity="0" nPathComplexity="0" sequenceCoverage="100.0" branchCoverage="0" crapScore="0" isConstructor="true" isStatic="false" isGetter="false" isSetter="false">
              <Summary numSequencePoints="4" visitedSequencePoints="4" numBranchPoints="0" visitedBranchPoints="0" sequenceCoverage="100.0" branchCoverage="0" maxCyclomaticComplexity="0" minCyclomaticComplexity="0" maxCrapScore="0" minCrapScore="0" visitedClasses="0" numClasses="0" visitedMethods="1" numMethods="1" />
              <MetadataToken>100663327</MetadataToken>
              <Name>GameField::GameField()</Name>
              <FileRef uid="4" />
              <SequencePoints>
                <SequencePoint vc="8" uspid="3067" ordinal="0" offset="0" sl="7" sc="22" el="7" ec="22" bec="0" bev="0" fileid="4" />
                <SequencePoint vc="8" uspid="3068" ordinal="0" offset="7" sl="13" sc="5" el="13" ec="5" bec="0" bev="0" fileid="4" />
                <SequencePoint vc="8" uspid="3069" ordinal="0" offset="18" sl="14" sc="5" el="14" ec="5" bec="0" bev="0" fileid="4" />
                <SequencePoint vc="8" uspid="3070" ordinal="0" offset="25" sl="15" sc="5" el="15" ec="5" bec="0" bev="0" fileid="4" />
              </SequencePoints>
              <BranchPoints />
            </Method>
          </Methods>
        </Class>
        <Class>
          <Summary numSequencePoints="15" visitedSequencePoints="15" numBranchPoints="0" visitedBranchPoints="0" sequenceCoverage="100.0" branchCoverage="0.0" maxCyclomaticComplexity="0" minCyclomaticComplexity="0" maxCrapScore="0" minCrapScore="0" visitedClasses="1" numClasses="1" visitedMethods="2" numMethods="2" />
          <FullName>CellTests</FullName>
          <Methods>
            <Method visited="true" cyclomaticComplexity="0" nPathComplexity="0" sequenceCoverage="100.0" branchCoverage="0" crapScore="0" isConstructor="false" isStatic="false" isGetter="false" isSetter="false">
              <Summary numSequencePoints="7" visitedSequencePoints="7" numBranchPoints="0" visitedBranchPoints="0" sequenceCoverage="100.0" branchCoverage="0" maxCyclomaticComplexity="0" minCyclomaticComplexity="0" maxCrapScore="0" minCrapScore="0" visitedClasses="0" numClasses="0" visitedMethods="1" numMethods="1" />
              <MetadataToken>100663336</MetadataToken>
              <Name>System.Void CellTests::SetValue_ShouldTriggerOnValueChanged()</Name>
              <FileRef uid="6" />
              <SequencePoints>
                <SequencePoint vc="1" uspid="3142" ordinal="0" offset="6" sl="8" sc="5" el="8" ec="5" bec="0" bev="0" fileid="6" />
                <SequencePoint vc="1" uspid="3143" ordinal="0" offset="7" sl="10" sc="9" el="10" ec="9" bec="0" bev="0" fileid="6" />
                <SequencePoint vc="1" uspid="3144" ordinal="0" offset="21" sl="11" sc="9" el="11" ec="9" bec="0" bev="0" fileid="6" />
                <SequencePoint vc="1" uspid="3145" ordinal="0" offset="28" sl="12" sc="9" el="12" ec="9" bec="0" bev="0" fileid="6" />
                <SequencePoint vc="1" uspid="3146" ordinal="0" offset="52" sl="15" sc="9" el="15" ec="9" bec="0" bev="0" fileid="6" />
                <SequencePoint vc="1" uspid="3147" ordinal="0" offset="60" sl="18" sc="9" el="18" ec="9" bec="0" bev="0" fileid="6" />
                <SequencePoint vc="1" uspid="3148" ordinal="0" offset="93" sl="19" sc="5" el="19" ec="5" bec="0" bev="0" fileid="6" />
              </SequencePoints>
              <BranchPoints />
            </Method>
            <Method visited="true" cyclomaticComplexity="0" nPathComplexity="0" sequenceCoverage="100.0" branchCoverage="0" crapScore="0" isConstructor="false" isStatic="false" isGetter="false" isSetter="false">
              <Summary numSequencePoints="8" visitedSequencePoints="8" numBranchPoints="0" visitedBranchPoints="0" sequenceCoverage="100.0" branchCoverage="0" maxCyclomaticComplexity="0" minCyclomaticComplexity="0" maxCrapScore="0" minCrapScore="0" visitedClasses="0" numClasses="0" visitedMethods="1" numMethods="1" />
              <MetadataToken>100663337</MetadataToken>
              <Name>System.Void CellTests::SetPosition_ShouldTriggerOnPositionChanged()</Name>
              <FileRef uid="6" />
              <SequencePoints>
                <SequencePoint vc="1" uspid="3149" ordinal="0" offset="6" sl="23" sc="5" el="23" ec="5" bec="0" bev="0" fileid="6" />
                <SequencePoint vc="1" uspid="3150" ordinal="0" offset="7" sl="25" sc="9" el="25" ec="9" bec="0" bev="0" fileid="6" />
                <SequencePoint vc="1" uspid="3151" ordinal="0" offset="21" sl="26" sc="9" el="26" ec="9" bec="0" bev="0" fileid="6" />
                <SequencePoint vc="1" uspid="3152" ordinal="0" offset="32" sl="27" sc="9" el="27" ec="9" bec="0" bev="0" fileid="6" />
                <SequencePoint vc="1" uspid="3153" ordinal="0" offset="56" sl="28" sc="9" el="28" ec="9" bec="0" bev="0" fileid="6" />
                <SequencePoint vc="1" uspid="3154" ordinal="0" offset="73" sl="31" sc="9" el="31" ec="9" bec="0" bev="0" fileid="6" />
                <SequencePoint vc="1" uspid="3155" ordinal="0" offset="81" sl="34" sc="9" el="34" ec="9" bec="0" bev="0" fileid="6" />
                <SequencePoint vc="1" uspid="3156" ordinal="0" offset="114" sl="35" sc="5" el="35" ec="5" bec="0" bev="0" fileid="6" />
              </SequencePoints>
              <BranchPoints />
            </Method>
          </Methods>
        </Class>
        <Class>
          <Summary numSequencePoints="64" visitedSequencePoints="63" numBranchPoints="0" visitedBranchPoints="0" sequenceCoverage="98.44" branchCoverage="0.0" maxCyclomaticComplexity="0" minCyclomaticComplexity="0" maxCrapScore="0" minCrapScore="0" visitedClasses="1" numClasses="1" visitedMethods="6" numMethods="6" />
          <FullName>GameFieldTests</FullName>
          <Methods>
            <Method visited="true" cyclomaticComplexity="0" nPathComplexity="0" sequenceCoverage="100.0" branchCoverage="0" crapScore="0" isConstructor="false" isStatic="false" isGetter="false" isSetter="false">
              <Summary numSequencePoints="21" visitedSequencePoints="21" numBranchPoints="0" visitedBranchPoints="0" sequenceCoverage="100.0" branchCoverage="0" maxCyclomaticComplexity="0" minCyclomaticComplexity="0" maxCrapScore="0" minCrapScore="0" visitedClasses="0" numClasses="0" visitedMethods="1" numMethods="1" />
              <MetadataToken>100663339</MetadataToken>
              <Name>System.Void GameFieldTests::SetUp()</Name>
              <FileRef uid="7" />
              <SequencePoints>
                <SequencePoint vc="4" uspid="3157" ordinal="0" offset="0" sl="16" sc="5" el="16" ec="5" bec="0" bev="0" fileid="7" />
                <SequencePoint vc="4" uspid="3158" ordinal="0" offset="1" sl="17" sc="9" el="17" ec="9" bec="0" bev="0" fileid="7" />
                <SequencePoint vc="4" uspid="3159" ordinal="0" offset="12" sl="18" sc="9" el="18" ec="9" bec="0" bev="0" fileid="7" />
                <SequencePoint vc="4" uspid="3160" ordinal="0" offset="24" sl="20" sc="9" el="20" ec="9" bec="0" bev="0" fileid="7" />
                <SequencePoint vc="4" uspid="3161" ordinal="0" offset="40" sl="21" sc="9" el="21" ec="9" bec="0" bev="0" fileid="7" />
                <SequencePoint vc="4" uspid="3162" ordinal="0" offset="52" sl="22" sc="9" el="22" ec="9" bec="0" bev="0" fileid="7" />
                <SequencePoint vc="4" uspid="3163" ordinal="0" offset="69" sl="25" sc="9" el="25" ec="9" bec="0" bev="0" fileid="7" />
                <SequencePoint vc="4" uspid="3164" ordinal="0" offset="80" sl="26" sc="9" el="26" ec="9" bec="0" bev="0" fileid="7" />
                <SequencePoint vc="4" uspid="3165" ordinal="0" offset="103" sl="27" sc="9" el="27" ec="9" bec="0" bev="0" fileid="7" />
                <SequencePoint vc="4" uspid="3166" ordinal="0" offset="110" sl="28" sc="9" el="28" ec="9" bec="0" bev="0" fileid="7" />
                <SequencePoint vc="4" uspid="3167" ordinal="0" offset="133" sl="29" sc="9" el="29" ec="9" bec="0" bev="0" fileid="7" />
                <SequencePoint vc="4" uspid="3168" ordinal="0" offset="147" sl="32" sc="9" el="32" ec="9" bec="0" bev="0" fileid="7" />
                <SequencePoint vc="4" uspid="3169" ordinal="0" offset="159" sl="33" sc="9" el="33" ec="9" bec="0" bev="0" fileid="7" />
                <SequencePoint vc="4" uspid="3170" ordinal="0" offset="183" sl="34" sc="9" el="34" ec="9" bec="0" bev="0" fileid="7" />
                <SequencePoint vc="4" uspid="3171" ordinal="0" offset="192" sl="35" sc="9" el="35" ec="9" bec="0" bev="0" fileid="7" />
                <SequencePoint vc="4" uspid="3172" ordinal="0" offset="216" sl="36" sc="9" el="36" ec="9" bec="0" bev="0" fileid="7" />
                <SequencePoint vc="4" uspid="3173" ordinal="0" offset="232" sl="39" sc="9" el="39" ec="9" bec="0" bev="0" fileid="7" />
                <SequencePoint vc="4" uspid="3174" ordinal="0" offset="244" sl="40" sc="9" el="40" ec="9" bec="0" bev="0" fileid="7" />
                <SequencePoint vc="4" uspid="3175" ordinal="0" offset="252" sl="41" sc="9" el="41" ec="9" bec="0" bev="0" fileid="7" />
                <SequencePoint vc="4" uspid="3176" ordinal="0" offset="276" sl="42" sc="9" el="42" ec="9" bec="0" bev="0" fileid="7" />
                <SequencePoint vc="4" uspid="3177" ordinal="0" offset="292" sl="43" sc="5" el="43" ec="5" bec="0" bev="0" fileid="7" />
              </SequencePoints>
              <BranchPoints />
            </Method>
            <Method visited="true" cyclomaticComplexity="0" nPathComplexity="0" sequenceCoverage="100.0" branchCoverage="0" crapScore="0" isConstructor="false" isStatic="false" isGetter="false" isSetter="false">
              <Summary numSequencePoints="3" visitedSequencePoints="3" numBranchPoints="0" visitedBranchPoints="0" sequenceCoverage="100.0" branchCoverage="0" maxCyclomaticComplexity="0" minCyclomaticComplexity="0" maxCrapScore="0" minCrapScore="0" visitedClasses="0" numClasses="0" visitedMethods="1" numMethods="1" />
              <MetadataToken>100663340</MetadataToken>
              <Name>System.Void GameFieldTests::TearDown()</Name>
              <FileRef uid="7" />
              <SequencePoints>
                <SequencePoint vc="4" uspid="3178" ordinal="0" offset="0" sl="47" sc="5" el="47" ec="5" bec="0" bev="0" fileid="7" />
                <SequencePoint vc="4" uspid="3179" ordinal="0" offset="1" sl="48" sc="9" el="48" ec="9" bec="0" bev="0" fileid="7" />
                <SequencePoint vc="4" uspid="3180" ordinal="0" offset="13" sl="49" sc="5" el="49" ec="5" bec="0" bev="0" fileid="7" />
              </SequencePoints>
              <BranchPoints />
            </Method>
            <Method visited="true" cyclomaticComplexity="0" nPathComplexity="0" sequenceCoverage="100.0" branchCoverage="0" crapScore="0" isConstructor="false" isStatic="false" isGetter="false" isSetter="false">
              <Summary numSequencePoints="4" visitedSequencePoints="4" numBranchPoints="0" visitedBranchPoints="0" sequenceCoverage="100.0" branchCoverage="0" maxCyclomaticComplexity="0" minCyclomaticComplexity="0" maxCrapScore="0" minCrapScore="0" visitedClasses="0" numClasses="0" visitedMethods="1" numMethods="1" />
              <MetadataToken>100663341</MetadataToken>
              <Name>System.Void GameFieldTests::GetEmptyPosition_ShouldReturnValidPosition_OnEmptyField()</Name>
              <FileRef uid="7" />
              <SequencePoints>
                <SequencePoint vc="1" uspid="3181" ordinal="0" offset="0" sl="53" sc="5" el="53" ec="5" bec="0" bev="0" fileid="7" />
                <SequencePoint vc="1" uspid="3182" ordinal="0" offset="1" sl="55" sc="9" el="55" ec="9" bec="0" bev="0" fileid="7" />
                <SequencePoint vc="1" uspid="3183" ordinal="0" offset="13" sl="56" sc="9" el="56" ec="9" bec="0" bev="0" fileid="7" />
                <SequencePoint vc="1" uspid="3184" ordinal="0" offset="55" sl="57" sc="5" el="57" ec="5" bec="0" bev="0" fileid="7" />
              </SequencePoints>
              <BranchPoints />
            </Method>
            <Method visited="true" cyclomaticComplexity="0" nPathComplexity="0" sequenceCoverage="100.0" branchCoverage="0" crapScore="0" isConstructor="false" isStatic="false" isGetter="false" isSetter="false">
              <Summary numSequencePoints="12" visitedSequencePoints="12" numBranchPoints="0" visitedBranchPoints="0" sequenceCoverage="100.0" branchCoverage="0" maxCyclomaticComplexity="0" minCyclomaticComplexity="0" maxCrapScore="0" minCrapScore="0" visitedClasses="0" numClasses="0" visitedMethods="1" numMethods="1" />
              <MetadataToken>100663342</MetadataToken>
              <Name>System.Void GameFieldTests::RecalculateScore_ShouldSumValuesCorrectly()</Name>
              <FileRef uid="7" />
              <SequencePoints>
                <SequencePoint vc="1" uspid="3185" ordinal="0" offset="0" sl="62" sc="5" el="62" ec="5" bec="0" bev="0" fileid="7" />
                <SequencePoint vc="1" uspid="3186" ordinal="0" offset="1" sl="64" sc="9" el="64" ec="9" bec="0" bev="0" fileid="7" />
                <SequencePoint vc="1" uspid="3187" ordinal="0" offset="24" sl="65" sc="9" el="65" ec="9" bec="0" bev="0" fileid="7" />
                <SequencePoint vc="1" uspid="3188" ordinal="0" offset="42" sl="66" sc="9" el="66" ec="9" bec="0" bev="0" fileid="7" />
                <SequencePoint vc="1" uspid="3189" ordinal="0" offset="49" sl="68" sc="9" el="68" ec="9" bec="0" bev="0" fileid="7" />
                <SequencePoint vc="1" uspid="3190" ordinal="0" offset="69" sl="70" sc="9" el="70" ec="9" bec="0" bev="0" fileid="7" />
                <SequencePoint vc="1" uspid="3191" ordinal="0" offset="89" sl="73" sc="9" el="73" ec="9" bec="0" bev="0" fileid="7" />
                <SequencePoint vc="1" uspid="3192" ordinal="0" offset="101" sl="76" sc="9" el="76" ec="9" bec="0" bev="0" fileid="7" />
                <SequencePoint vc="1" uspid="3193" ordinal="0" offset="124" sl="77" sc="9" el="77" ec="9" bec="0" bev="0" fileid="7" />
                <SequencePoint vc="1" uspid="3194" ordinal="0" offset="142" sl="78" sc="9" el="78" ec="9" bec="0" bev="0" fileid="7" />
                <SequencePoint vc="1" uspid="3195" ordinal="0" offset="170" sl="80" sc="9" el="80" ec="9" bec="0" bev="0" fileid="7" />
                <SequencePoint vc="1" uspid="3196" ordinal="0" offset="199" sl="81" sc="5" el="81" ec="5" bec="0" bev="0" fileid="7" />
              </SequencePoints>
              <BranchPoints />
            </Method>
            <Method visited="true" cyclomaticComplexity="0" nPathComplexity="0" sequenceCoverage="100.0" branchCoverage="0" crapScore="0" isConstructor="false" isStatic="false" isGetter="false" isSetter="false">
              <Summary numSequencePoints="19" visitedSequencePoints="19" numBranchPoints="0" visitedBranchPoints="0" sequenceCoverage="100.0" branchCoverage="0" maxCyclomaticComplexity="0" minCyclomaticComplexity="0" maxCrapScore="0" minCrapScore="0" visitedClasses="0" numClasses="0" visitedMethods="1" numMethods="1" />
              <MetadataToken>100663343</MetadataToken>
              <Name>System.Void GameFieldTests::IsGameOver_ShouldReturnTrue_When_NoMovesAvailable()</Name>
              <FileRef uid="7" />
              <SequencePoints>
                <SequencePoint vc="1" uspid="3197" ordinal="0" offset="0" sl="85" sc="5" el="85" ec="5" bec="0" bev="0" fileid="7" />
                <SequencePoint vc="1" uspid="3198" ordinal="0" offset="1" sl="87" sc="9" el="87" ec="9" bec="0" bev="0" fileid="7" />
                <SequencePoint vc="1" uspid="3199" ordinal="0" offset="24" sl="88" sc="9" el="88" ec="9" bec="0" bev="0" fileid="7" />
                <SequencePoint vc="1" uspid="3200" ordinal="0" offset="42" sl="89" sc="9" el="89" ec="9" bec="0" bev="0" fileid="7" />
                <SequencePoint vc="1" uspid="3201" ordinal="0" offset="49" sl="92" sc="14" el="92" ec="14" bec="0" bev="0" fileid="7" />
                <SequencePoint vc="4" uspid="3202" ordinal="0" offset="54" sl="93" sc="9" el="93" ec="9" bec="0" bev="0" fileid="7" />
                <SequencePoint vc="4" uspid="3203" ordinal="0" offset="55" sl="94" sc="18" el="94" ec="18" bec="0" bev="0" fileid="7" />
                <SequencePoint vc="16" uspid="3204" ordinal="0" offset="60" sl="95" sc="13" el="95" ec="13" bec="0" bev="0" fileid="7" />
                <SequencePoint vc="16" uspid="3205" ordinal="0" offset="61" sl="96" sc="17" el="96" ec="17" bec="0" bev="0" fileid="7" />
                <SequencePoint vc="16" uspid="3206" ordinal="0" offset="91" sl="97" sc="13" el="97" ec="13" bec="0" bev="0" fileid="7" />
                <SequencePoint vc="16" uspid="3207" ordinal="0" offset="92" sl="94" sc="36" el="94" ec="36" bec="0" bev="0" fileid="7" />
                <SequencePoint vc="20" uspid="3208" ordinal="0" offset="98" sl="94" sc="29" el="94" ec="29" bec="0" bev="0" fileid="7" />
                <SequencePoint vc="4" uspid="3209" ordinal="0" offset="109" sl="98" sc="9" el="98" ec="9" bec="0" bev="0" fileid="7" />
                <SequencePoint vc="4" uspid="3210" ordinal="0" offset="110" sl="92" sc="32" el="92" ec="32" bec="0" bev="0" fileid="7" />
                <SequencePoint vc="5" uspid="3211" ordinal="0" offset="116" sl="92" sc="25" el="92" ec="25" bec="0" bev="0" fileid="7" />
                <SequencePoint vc="1" uspid="3212" ordinal="0" offset="127" sl="100" sc="9" el="100" ec="9" bec="0" bev="0" fileid="7" />
                <SequencePoint vc="1" uspid="3213" ordinal="0" offset="150" sl="101" sc="9" el="101" ec="9" bec="0" bev="0" fileid="7" />
                <SequencePoint vc="1" uspid="3214" ordinal="0" offset="169" sl="104" sc="9" el="104" ec="9" bec="0" bev="0" fileid="7" />
                <SequencePoint vc="1" uspid="3215" ordinal="0" offset="186" sl="105" sc="5" el="105" ec="5" bec="0" bev="0" fileid="7" />
              </SequencePoints>
              <BranchPoints />
            </Method>
            <Method visited="true" cyclomaticComplexity="0" nPathComplexity="0" sequenceCoverage="80.00" branchCoverage="0" crapScore="0" isConstructor="false" isStatic="false" isGetter="false" isSetter="false">
              <Summary numSequencePoints="5" visitedSequencePoints="4" numBranchPoints="0" visitedBranchPoints="0" sequenceCoverage="80.00" branchCoverage="0" maxCyclomaticComplexity="0" minCyclomaticComplexity="0" maxCrapScore="0" minCrapScore="0" visitedClasses="0" numClasses="0" visitedMethods="1" numMethods="1" />
              <MetadataToken>100663344</MetadataToken>
              <Name>System.Void GameFieldTests::GameField_ProcessMove_ShiftsCells()</Name>
              <FileRef uid="7" />
              <SequencePoints>
                <SequencePoint vc="1" uspid="3216" ordinal="0" offset="0" sl="108" sc="5" el="108" ec="5" bec="0" bev="0" fileid="7" />
                <SequencePoint vc="1" uspid="3217" ordinal="0" offset="1" sl="109" sc="9" el="109" ec="9" bec="0" bev="0" fileid="7" />
                <SequencePoint vc="1" uspid="3218" ordinal="0" offset="26" sl="110" sc="9" el="110" ec="9" bec="0" bev="0" fileid="7" />
                <SequencePoint vc="1" uspid="3219" ordinal="0" offset="51" sl="111" sc="9" el="111" ec="9" bec="0" bev="0" fileid="7" />
                <SequencePoint vc="0" uspid="3220" ordinal="0" offset="70" sl="113" sc="5" el="113" ec="5" bec="0" bev="0" fileid="7" />
              </SequencePoints>
              <BranchPoints />
            </Method>
          </Methods>
        </Class>
        <Class>
          <Summary numSequencePoints="27" visitedSequencePoints="27" numBranchPoints="0" visitedBranchPoints="0" sequenceCoverage="100.0" branchCoverage="0.0" maxCyclomaticComplexity="0" minCyclomaticComplexity="0" maxCrapScore="0" minCrapScore="0" visitedClasses="1" numClasses="1" visitedMethods="3" numMethods="3" />
          <FullName>SaveDataAndSaveManagerTests</FullName>
          <Methods>
            <Method visited="true" cyclomaticComplexity="0" nPathComplexity="0" sequenceCoverage="100.0" branchCoverage="0" crapScore="0" isConstructor="false" isStatic="false" isGetter="false" isSetter="false">
              <Summary numSequencePoints="3" visitedSequencePoints="3" numBranchPoints="0" visitedBranchPoints="0" sequenceCoverage="100.0" branchCoverage="0" maxCyclomaticComplexity="0" minCyclomaticComplexity="0" maxCrapScore="0" minCrapScore="0" visitedClasses="0" numClasses="0" visitedMethods="1" numMethods="1" />
              <MetadataToken>100663346</MetadataToken>
              <Name>System.Void SaveDataAndSaveManagerTests::SetUp()</Name>
              <FileRef uid="8" />
              <SequencePoints>
                <SequencePoint vc="1" uspid="3221" ordinal="0" offset="0" sl="12" sc="5" el="12" ec="5" bec="0" bev="0" fileid="8" />
                <SequencePoint vc="1" uspid="3222" ordinal="0" offset="1" sl="14" sc="9" el="14" ec="9" bec="0" bev="0" fileid="8" />
                <SequencePoint vc="1" uspid="3223" ordinal="0" offset="22" sl="17" sc="5" el="17" ec="5" bec="0" bev="0" fileid="8" />
              </SequencePoints>
              <BranchPoints />
            </Method>
            <Method visited="true" cyclomaticComplexity="0" nPathComplexity="0" sequenceCoverage="100.0" branchCoverage="0" crapScore="0" isConstructor="false" isStatic="false" isGetter="false" isSetter="false">
              <Summary numSequencePoints="6" visitedSequencePoints="6" numBranchPoints="0" visitedBranchPoints="0" sequenceCoverage="100.0" branchCoverage="0" maxCyclomaticComplexity="0" minCyclomaticComplexity="0" maxCrapScore="0" minCrapScore="0" visitedClasses="0" numClasses="0" visitedMethods="1" numMethods="1" />
              <MetadataToken>100663347</MetadataToken>
              <Name>System.Void SaveDataAndSaveManagerTests::TearDown()</Name>
              <FileRef uid="8" />
              <SequencePoints>
                <SequencePoint vc="1" uspid="3224" ordinal="0" offset="0" sl="21" sc="5" el="21" ec="5" bec="0" bev="0" fileid="8" />
                <SequencePoint vc="1" uspid="3225" ordinal="0" offset="1" sl="22" sc="9" el="22" ec="9" bec="0" bev="0" fileid="8" />
                <SequencePoint vc="1" uspid="3226" ordinal="0" offset="16" sl="23" sc="9" el="23" ec="9" bec="0" bev="0" fileid="8" />
                <SequencePoint vc="1" uspid="3227" ordinal="0" offset="17" sl="24" sc="13" el="24" ec="13" bec="0" bev="0" fileid="8" />
                <SequencePoint vc="1" uspid="3228" ordinal="0" offset="29" sl="25" sc="9" el="25" ec="9" bec="0" bev="0" fileid="8" />
                <SequencePoint vc="1" uspid="3229" ordinal="0" offset="30" sl="26" sc="5" el="26" ec="5" bec="0" bev="0" fileid="8" />
              </SequencePoints>
              <BranchPoints />
            </Method>
            <Method visited="true" cyclomaticComplexity="0" nPathComplexity="0" sequenceCoverage="100.0" branchCoverage="0" crapScore="0" isConstructor="false" isStatic="false" isGetter="false" isSetter="false">
[...]
                <SequencePoint vc="1" uspid="3234" ordinal="0" offset="56" sl="42" sc="9" el="42" ec="9" bec="0" bev="0" fileid="8" />
                <SequencePoint vc="1" uspid="3235" ordinal="0" offset="91" sl="45" sc="9" el="45" ec="9" bec="0" bev="0" fileid="8" />
                <SequencePoint vc="1" uspid="3236" ordinal="0" offset="98" sl="48" sc="9" el="48" ec="9" bec="0" bev="0" fileid="8" />
                <SequencePoint vc="1" uspid="3237" ordinal="0" offset="104" sl="51" sc="9" el="51" ec="9" bec="0" bev="0" fileid="8" />
                <SequencePoint vc="1" uspid="3238" ordinal="0" offset="142" sl="52" sc="9" el="52" ec="9" bec="0" bev="0" fileid="8" />
                <SequencePoint vc="1" uspid="3239" ordinal="0" offset="190" sl="53" sc="14" el="53" ec="14" bec="0" bev="0" fileid="8" />
                <SequencePoint vc="2" uspid="3240" ordinal="0" offset="197" sl="54" sc="9" el="54" ec="9" bec="0" bev="0" fileid="8" />
                <SequencePoint vc="2" uspid="3241" ordinal="0" offset="198" sl="55" sc="13" el="55" ec="13" bec="0" bev="0" fileid="8" />
                <SequencePoint vc="2" uspid="3242" ordinal="0" offset="269" sl="56" sc="13" el="56" ec="13" bec="0" bev="0" fileid="8" />
                <SequencePoint vc="2" uspid="3243" ordinal="0" offset="340" sl="57" sc="13" el="57" ec="13" bec="0" bev="0" fileid="8" />
                <SequencePoint vc="2" uspid="3244" ordinal="0" offset="411" sl="58" sc="9" el="58" ec="9" bec="0" bev="0" fileid="8" />
                <SequencePoint vc="2" uspid="3245" ordinal="0" offset="412" sl="53" sc="60" el="53" ec="60" bec="0" bev="0" fileid="8" />
                <SequencePoint vc="3" uspid="3246" ordinal="0" offset="416" sl="53" sc="25" el="53" ec="25" bec="0" bev="0" fileid="8" />
                <SequencePoint vc="1" uspid="3247" ordinal="0" offset="437" sl="59" sc="5" el="59" ec="5" bec="0" bev="0" fileid="8" />
              </SequencePoints>
              <BranchPoints />
            </Method>
          </Methods>
        </Class>
        <Class>
          <Summary numSequencePoints="5" visitedSequencePoints="5" numBranchPoints="0" visitedBranchPoints="0" sequenceCoverage="100.0" branchCoverage="0.0" maxCyclomaticComplexity="0" minCyclomaticComplexity="0" maxCrapScore="0" minCrapScore="0" visitedClasses="1" numClasses="1" visitedMethods="1" numMethods="1" />
          <FullName>CellState</FullName>
          <Methods>
            <Method visited="true" cyclomaticComplexity="0" nPathComplexity="0" sequenceCoverage="100.0" branchCoverage="0" crapScore="0" isConstructor="true" isStatic="false" isGetter="false" isSetter="false">
              <Summary numSequencePoints="5" visitedSequencePoints="5" numBranchPoints="0" visitedBranchPoints="0" sequenceCoverage="100.0" branchCoverage="0" maxCyclomaticComplexity="0" minCyclomaticComplexity="0" maxCrapScore="0" minCrapScore="0" visitedClasses="0" numClasses="0" visitedMethods="1" numMethods="1" />
              <MetadataToken>100663351</MetadataToken>
              <Name>CellState::CellState(System.Int32, System.Int32, System.Int32)</Name>
              <FileRef uid="9" />
              <SequencePoints>
                <SequencePoint vc="2" uspid="3248" ordinal="0" offset="0" sl="19" sc="5" el="19" ec="5" bec="0" bev="0" fileid="9" />
                <SequencePoint vc="2" uspid="3249" ordinal="0" offset="1" sl="20" sc="9" el="20" ec="9" bec="0" bev="0" fileid="9" />
                <SequencePoint vc="2" uspid="3250" ordinal="0" offset="8" sl="21" sc="9" el="21" ec="9" bec="0" bev="0" fileid="9" />
                <SequencePoint vc="2" uspid="3251" ordinal="0" offset="15" sl="22" sc="9" el="22" ec="9" bec="0" bev="0" fileid="9" />
                <SequencePoint vc="2" uspid="3252" ordinal="0" offset="22" sl="23" sc="5" el="23" ec="5" bec="0" bev="0" fileid="9" />
              </SequencePoints>
              <BranchPoints />
            </Method>
          </Methods>
        </Class>
        <Class>
          <Summary numSequencePoints="21" visitedSequencePoints="18" numBranchPoints="0" visitedBranchPoints="0" sequenceCoverage="85.71" branchCoverage="0.0" maxCyclomaticComplexity="0" minCyclomaticComplexity="0" maxCrapScore="0" minCrapScore="0" visitedClasses="1" numClasses="1" visitedMethods="3" numMethods="3" />
          <FullName>SaveManager</FullName>
          <Methods>
            <Method visited="true" cyclomaticComplexity="0" nPathComplexity="0" sequenceCoverage="100.0" branchCoverage="0" crapScore="0" isConstructor="false" isStatic="true" isGetter="false" isSetter="false">
              <Summary numSequencePoints="7" visitedSequencePoints="7" numBranchPoints="0" visitedBranchPoints="0" sequenceCoverage="100.0" branchCoverage="0" maxCyclomaticComplexity="0" minCyclomaticComplexity="0" maxCrapScore="0" minCrapScore="0" visitedClasses="0" numClasses="0" visitedMethods="1" numMethods="1" />
              <MetadataToken>100663352</MetadataToken>
              <Name>static System.Void SaveManager::SaveGame(SaveData)</Name>
              <FileRef uid="10" />
              <SequencePoints>
                <SequencePoint vc="1" uspid="3253" ordinal="0" offset="0" sl="11" sc="5" el="11" ec="5" bec="0" bev="0" fileid="10" />
                <SequencePoint vc="1" uspid="3254" ordinal="0" offset="1" sl="12" sc="9" el="12" ec="9" bec="0" bev="0" fileid="10" />
                <SequencePoint vc="1" uspid="3255" ordinal="0" offset="7" sl="13" sc="9" el="13" ec="9" bec="0" bev="0" fileid="10" />
                <SequencePoint vc="1" uspid="3256" ordinal="0" offset="18" sl="14" sc="9" el="14" ec="9" bec="0" bev="0" fileid="10" />
                <SequencePoint vc="1" uspid="3257" ordinal="0" offset="27" sl="15" sc="9" el="15" ec="9" bec="0" bev="0" fileid="10" />
                <SequencePoint vc="1" uspid="3258" ordinal="0" offset="34" sl="16" sc="9" el="16" ec="9" bec="0" bev="0" fileid="10" />
                <SequencePoint vc="1" uspid="3259" ordinal="0" offset="55" sl="17" sc="5" el="17" ec="5" bec="0" bev="0" fileid="10" />
              </SequencePoints>
              <BranchPoints />
            </Method>
            <Method visited="true" cyclomaticComplexity="0" nPathComplexity="0" sequenceCoverage="76.92" branchCoverage="0" crapScore="0" isConstructor="false" isStatic="true" isGetter="false" isSetter="false">
              <Summary numSequencePoints="13" visitedSequencePoints="10" numBranchPoints="0" visitedBranchPoints="0" sequenceCoverage="76.92" branchCoverage="0" maxCyclomaticComplexity="0" minCyclomaticComplexity="0" maxCrapScore="0" minCrapScore="0" visitedClasses="0" numClasses="0" visitedMethods="1" numMethods="1" />
              <MetadataToken>100663353</MetadataToken>
              <Name>static SaveData SaveManager::LoadGame()</Name>
              <FileRef uid="10" />
              <SequencePoints>
                <SequencePoint vc="5" uspid="3260" ordinal="0" offset="0" sl="20" sc="5" el="20" ec="5" bec="0" bev="0" fileid="10" />
                <SequencePoint vc="5" uspid="3261" ordinal="0" offset="1" sl="21" sc="9" el="21" ec="9" bec="0" bev="0" fileid="10" />
                <SequencePoint vc="5" uspid="3262" ordinal="0" offset="15" sl="22" sc="9" el="22" ec="9" bec="0" bev="0" fileid="10" />
                <SequencePoint vc="5" uspid="3263" ordinal="0" offset="16" sl="23" sc="13" el="23" ec="13" bec="0" bev="0" fileid="10" />
                <SequencePoint vc="5" uspid="3264" ordinal="0" offset="22" sl="24" sc="13" el="24" ec="13" bec="0" bev="0" fileid="10" />
                <SequencePoint vc="5" uspid="3265" ordinal="0" offset="34" sl="25" sc="13" el="25" ec="13" bec="0" bev="0" fileid="10" />
                <SequencePoint vc="5" uspid="3266" ordinal="0" offset="47" sl="26" sc="13" el="26" ec="13" bec="0" bev="0" fileid="10" />
                <SequencePoint vc="5" uspid="3267" ordinal="0" offset="54" sl="27" sc="13" el="27" ec="13" bec="0" bev="0" fileid="10" />
                <SequencePoint vc="5" uspid="3268" ordinal="0" offset="75" sl="28" sc="13" el="28" ec="13" bec="0" bev="0" fileid="10" />
                <SequencePoint vc="0" uspid="3269" ordinal="0" offset="80" sl="31" sc="9" el="31" ec="9" bec="0" bev="0" fileid="10" />
                <SequencePoint vc="0" uspid="3270" ordinal="0" offset="81" sl="32" sc="13" el="32" ec="13" bec="0" bev="0" fileid="10" />
                <SequencePoint vc="0" uspid="3271" ordinal="0" offset="92" sl="33" sc="13" el="33" ec="13" bec="0" bev="0" fileid="10" />
                <SequencePoint vc="5" uspid="3272" ordinal="0" offset="119" sl="35" sc="5" el="35" ec="5" bec="0" bev="0" fileid="10" />
              </SequencePoints>
              <BranchPoints />
            </Method>
            <Method visited="true" cyclomaticComplexity="0" nPathComplexity="0" sequenceCoverage="100.0" branchCoverage="0" crapScore="0" isConstructor="true" isStatic="true" isGetter="false" isSetter="false">
              <Summary numSequencePoints="1" visitedSequencePoints="1" numBranchPoints="0" visitedBranchPoints="0" sequenceCoverage="100.0" branchCoverage="0" maxCyclomaticComplexity="0" minCyclomaticComplexity="0" maxCrapScore="0" minCrapScore="0" visitedClasses="0" numClasses="0" visitedMethods="1" numMethods="1" />
              <MetadataToken>100663354</MetadataToken>
              <Name>static SaveManager::SaveManager()</Name>
              <FileRef uid="10" />
              <SequencePoints>
                <SequencePoint vc="1" uspid="3273" ordinal="0" offset="0" sl="8" sc="5" el="8" ec="5" bec="0" bev="0" fileid="10" />
              </SequencePoints>
              <BranchPoints />
            </Method>
          </Methods>
        </Class>
        <Class>
          <Summary numSequencePoints="1" visitedSequencePoints="1" numBranchPoints="0" visitedBranchPoints="0" sequenceCoverage="100.0" branchCoverage="0.0" maxCyclomaticComplexity="0" minCyclomaticComplexity="0" maxCrapScore="0" minCrapScore="0" visitedClasses="1" numClasses="1" visitedMethods="1" numMethods="1" />
          <FullName>GameField/&lt;&gt;c__DisplayClass14_0</FullName>
          <Methods>
            <Method visited="true" cyclomaticComplexity="0" nPathComplexity="0" sequenceCoverage="100.0" branchCoverage="0" crapScore="0" isConstructor="false" isStatic="false" isGetter="false" isSetter="false">
              <Summary numSequencePoints="1" visitedSequencePoints="1" numBranchPoints="0" visitedBranchPoints="0" sequenceCoverage="100.0" branchCoverage="0" maxCyclomaticComplexity="0" minCyclomaticComplexity="0" maxCrapScore="0" minCrapScore="0" visitedClasses="0" numClasses="0" visitedMethods="1" numMethods="1" />
              <MetadataToken>100663536</MetadataToken>
              <Name>System.Boolean GameField/&lt;&gt;c__DisplayClass14_0::&lt;GetEmptyPosition&gt;b__0(Cell)</Name>
              <FileRef uid="4" />
              <SequencePoints>
                <SequencePoint vc="152" uspid="4938" ordinal="0" offset="0" sl="73" sc="40" el="73" ec="40" bec="0" bev="0" fileid="4" />
              </SequencePoints>
              <BranchPoints />
            </Method>
          </Methods>
        </Class>
        <Class>
          <Summary numSequencePoints="11" visitedSequencePoints="6" numBranchPoints="0" visitedBranchPoints="0" sequenceCoverage="54.55" branchCoverage="0.0" maxCyclomaticComplexity="0" minCyclomaticComplexity="0" maxCrapScore="0" minCrapScore="0" visitedClasses="1" numClasses="1" visitedMethods="1" numMethods="1" />
          <FullName>GameField/&lt;&gt;c__DisplayClass16_0</FullName>
          <Methods>
            <Method visited="true" cyclomaticComplexity="0" nPathComplexity="0" sequenceCoverage="54.55" branchCoverage="0" crapScore="0" isConstructor="false" isStatic="false" isGetter="false" isSetter="false">
              <Summary numSequencePoints="11" visitedSequencePoints="6" numBranchPoints="0" visitedBranchPoints="0" sequenceCoverage="54.55" branchCoverage="0" maxCyclomaticComplexity="0" minCyclomaticComplexity="0" maxCrapScore="0" minCrapScore="0" visitedClasses="0" numClasses="0" visitedMethods="1" numMethods="1" />
              <MetadataToken>100663538</MetadataToken>
              <Name>System.Int32 GameField/&lt;&gt;c__DisplayClass16_0::&lt;ProcessMove&gt;b__0(Cell, Cell)</Name>
              <FileRef uid="4" />
              <SequencePoints>
                <SequencePoint vc="1" uspid="4939" ordinal="0" offset="0" sl="107" sc="9" el="107" ec="9" bec="0" bev="0" fileid="4" />
                <SequencePoint vc="1" uspid="4940" ordinal="0" offset="1" sl="108" sc="13" el="108" ec="13" bec="0" bev="0" fileid="4" />
                <SequencePoint vc="0" uspid="4941" ordinal="0" offset="21" sl="109" sc="17" el="109" ec="17" bec="0" bev="0" fileid="4" />
                <SequencePoint vc="1" uspid="4942" ordinal="0" offset="57" sl="110" sc="13" el="110" ec="13" bec="0" bev="0" fileid="4" />
                <SequencePoint vc="0" uspid="4943" ordinal="0" offset="77" sl="111" sc="17" el="111" ec="17" bec="0" bev="0" fileid="4" />
                <SequencePoint vc="1" uspid="4944" ordinal="0" offset="110" sl="112" sc="13" el="112" ec="13" bec="0" bev="0" fileid="4" />
                <SequencePoint vc="1" uspid="4945" ordinal="0" offset="132" sl="113" sc="17" el="113" ec="17" bec="0" bev="0" fileid="4" />
                <SequencePoint vc="0" uspid="4946" ordinal="0" offset="165" sl="114" sc="13" el="114" ec="13" bec="0" bev="0" fileid="4" />
                <SequencePoint vc="0" uspid="4947" ordinal="0" offset="187" sl="115" sc="17" el="115" ec="17" bec="0" bev="0" fileid="4" />
                <SequencePoint vc="0" uspid="4948" ordinal="0" offset="220" sl="116" sc="13" el="116" ec="13" bec="0" bev="0" fileid="4" />
                <SequencePoint vc="1" uspid="4949" ordinal="0" offset="224" sl="117" sc="9" el="117" ec="9" bec="0" bev="0" fileid="4" />
              </SequencePoints>
              <BranchPoints />
            </Method>
          </Methods>
        </Class>
        <Class>
          <Summary numSequencePoints="1" visitedSequencePoints="1" numBranchPoints="0" visitedBranchPoints="0" sequenceCoverage="100.0" branchCoverage="0.0" maxCyclomaticComplexity="0" minCyclomaticComplexity="0" maxCrapScore="0" minCrapScore="0" visitedClasses="1" numClasses="1" visitedMethods="1" numMethods="1" />
          <FullName>GameField/&lt;&gt;c__DisplayClass16_1</FullName>
          <Methods>
            <Method visited="true" cyclomaticComplexity="0" nPathComplexity="0" sequenceCoverage="100.0" branchCoverage="0" crapScore="0" isConstructor="false" isStatic="false" isGetter="false" isSetter="false">
              <Summary numSequencePoints="1" visitedSequencePoints="1" numBranchPoints="0" visitedBranchPoints="0" sequenceCoverage="100.0" branchCoverage="0" maxCyclomaticComplexity="0" minCyclomaticComplexity="0" maxCrapScore="0" minCrapScore="0" visitedClasses="0" numClasses="0" visitedMethods="1" numMethods="1" />
              <MetadataToken>100663540</MetadataToken>
              <Name>System.Boolean GameField/&lt;&gt;c__DisplayClass16_1::&lt;ProcessMove&gt;b__1(Cell)</Name>
              <FileRef uid="4" />
              <SequencePoints>
                <SequencePoint vc="9" uspid="4950" ordinal="0" offset="0" sl="131" sc="46" el="131" ec="46" bec="0" bev="0" fileid="4" />
              </SequencePoints>
              <BranchPoints />
            </Method>
          </Methods>
        </Class>
        <Class>
          <Summary numSequencePoints="1" visitedSequencePoints="1" numBranchPoints="0" visitedBranchPoints="0" sequenceCoverage="100.0" branchCoverage="0.0" maxCyclomaticComplexity="0" minCyclomaticComplexity="0" maxCrapScore="0" minCrapScore="0" visitedClasses="1" numClasses="1" visitedMethods="1" numMethods="1" />
          <FullName>GameField/&lt;&gt;c__DisplayClass18_0</FullName>
          <Methods>
            <Method visited="true" cyclomaticComplexity="0" nPathComplexity="0" sequenceCoverage="100.0" branchCoverage="0" crapScore="0" isConstructor="false" isStatic="false" isGetter="false" isSetter="false">
              <Summary numSequencePoints="1" visitedSequencePoints="1" numBranchPoints="0" visitedBranchPoints="0" sequenceCoverage="100.0" branchCoverage="0" maxCyclomaticComplexity="0" minCyclomaticComplexity="0" maxCrapScore="0" minCrapScore="0" visitedClasses="0" numClasses="0" visitedMethods="1" numMethods="1" />
              <MetadataToken>100663542</MetadataToken>
              <Name>System.Boolean GameField/&lt;&gt;c__DisplayClass18_0::&lt;IsGameOver&gt;b__0(Cell)</Name>
              <FileRef uid="4" />
              <SequencePoints>
                <SequencePoint vc="664" uspid="4951" ordinal="0" offset="0" sl="213" sc="49" el="213" ec="49" bec="0" bev="0" fileid="4" />
              </SequencePoints>
              <BranchPoints />
            </Method>
          </Methods>
        </Class>
        <Class>
          <Summary numSequencePoints="1" visitedSequencePoints="1" numBranchPoints="0" visitedBranchPoints="0" sequenceCoverage="100.0" branchCoverage="0.0" maxCyclomaticComplexity="0" minCyclomaticComplexity="0" maxCrapScore="0" minCrapScore="0" visitedClasses="1" numClasses="1" visitedMethods="1" numMethods="1" />
          <FullName>CellTests/&lt;&gt;c__DisplayClass0_0</FullName>
          <Methods>
            <Method visited="true" cyclomaticComplexity="0" nPathComplexity="0" sequenceCoverage="100.0" branchCoverage="0" crapScore="0" isConstructor="false" isStatic="false" isGetter="false" isSetter="false">
              <Summary numSequencePoints="1" visitedSequencePoints="1" numBranchPoints="0" visitedBranchPoints="0" sequenceCoverage="100.0" branchCoverage="0" maxCyclomaticComplexity="0" minCyclomaticComplexity="0" maxCrapScore="0" minCrapScore="0" visitedClasses="0" numClasses="0" visitedMethods="1" numMethods="1" />
              <MetadataToken>100663548</MetadataToken>
              <Name>System.Void CellTests/&lt;&gt;c__DisplayClass0_0::&lt;SetValue_ShouldTriggerOnValueChanged&gt;b__0(Cell)</Name>
              <FileRef uid="6" />
              <SequencePoints>
                <SequencePoint vc="1" uspid="4952" ordinal="0" offset="0" sl="12" sc="58" el="12" ec="58" bec="0" bev="0" fileid="6" />
              </SequencePoints>
              <BranchPoints />
            </Method>
          </Methods>
        </Class>
        <Class>
          <Summary numSequencePoints="1" visitedSequencePoints="1" numBranchPoints="0" visitedBranchPoints="0" sequenceCoverage="100.0" branchCoverage="0.0" maxCyclomaticComplexity="0" minCyclomaticComplexity="0" maxCrapScore="0" minCrapScore="0" visitedClasses="1" numClasses="1" visitedMethods="1" numMethods="1" />
          <FullName>CellTests/&lt;&gt;c__DisplayClass1_0</FullName>
          <Methods>
            <Method visited="true" cyclomaticComplexity="0" nPathComplexity="0" sequenceCoverage="100.0" branchCoverage="0" crapScore="0" isConstructor="false" isStatic="false" isGetter="false" isSetter="false">
              <Summary numSequencePoints="1" visitedSequencePoints="1" numBranchPoints="0" visitedBranchPoints="0" sequenceCoverage="100.0" branchCoverage="0" maxCyclomaticComplexity="0" minCyclomaticComplexity="0" maxCrapScore="0" minCrapScore="0" visitedClasses="0" numClasses="0" visitedMethods="1" numMethods="1" />
              <MetadataToken>100663550</MetadataToken>
              <Name>System.Void CellTests/&lt;&gt;c__DisplayClass1_0::&lt;SetPosition_ShouldTriggerOnPositionChanged&gt;b__0(Cell)</Name>
              <FileRef uid="6" />
              <SequencePoints>
                <SequencePoint vc="1" uspid="4953" ordinal="0" offset="0" sl="27" sc="61" el="27" ec="61" bec="0" bev="0" fileid="6" />
              </SequencePoints>
              <BranchPoints />
            </Method>
          </Methods>
        </Class>
      </Classes>
    </Module>
  </Modules>
</CoverageSession>